  [1m[35m (1.0ms)[0m  [1m[34mSELECT sqlite_version(*)[0m
Started GET "/categories" for 127.0.0.1 at 2022-04-24 17:56:28 -0300
  [1m[35m (0.4ms)[0m  [1m[34mSELECT sqlite_version(*)[0m
  [1m[35m (213.8ms)[0m  [1m[35mCREATE TABLE "schema_migrations" ("version" varchar NOT NULL PRIMARY KEY)[0m
  [1m[35m (253.8ms)[0m  [1m[35mCREATE TABLE "ar_internal_metadata" ("key" varchar NOT NULL PRIMARY KEY, "value" varchar, "created_at" datetime(6) NOT NULL, "updated_at" datetime(6) NOT NULL)[0m
  [1m[36mActiveRecord::SchemaMigration Pluck (0.4ms)[0m  [1m[34mSELECT "schema_migrations"."version" FROM "schema_migrations" ORDER BY "schema_migrations"."version" ASC[0m
  
ActiveRecord::PendingMigrationError (

Migrations are pending. To resolve this issue, run:

        bin/rails db:migrate RAILS_ENV=development

You have 3 pending migrations:

20220424205338_create_authors.rb
20220424205614_create_categories.rb
20220424205619_create_posts.rb


):
  
activerecord (7.0.2.3) lib/active_record/migration.rb:627:in `check_pending!'
activerecord (7.0.2.3) lib/active_record/migration.rb:592:in `block (2 levels) in call'
activesupport (7.0.2.3) lib/active_support/file_update_checker.rb:83:in `execute'
activerecord (7.0.2.3) lib/active_record/migration.rb:597:in `block in call'
activerecord (7.0.2.3) lib/active_record/migration.rb:589:in `synchronize'
activerecord (7.0.2.3) lib/active_record/migration.rb:589:in `call'
actionpack (7.0.2.3) lib/action_dispatch/middleware/callbacks.rb:27:in `block in call'
activesupport (7.0.2.3) lib/active_support/callbacks.rb:99:in `run_callbacks'
actionpack (7.0.2.3) lib/action_dispatch/middleware/callbacks.rb:26:in `call'
actionpack (7.0.2.3) lib/action_dispatch/middleware/executor.rb:14:in `call'
actionpack (7.0.2.3) lib/action_dispatch/middleware/actionable_exceptions.rb:17:in `call'
actionpack (7.0.2.3) lib/action_dispatch/middleware/debug_exceptions.rb:28:in `call'
actionpack (7.0.2.3) lib/action_dispatch/middleware/show_exceptions.rb:26:in `call'
railties (7.0.2.3) lib/rails/rack/logger.rb:36:in `call_app'
railties (7.0.2.3) lib/rails/rack/logger.rb:25:in `block in call'
activesupport (7.0.2.3) lib/active_support/tagged_logging.rb:99:in `block in tagged'
activesupport (7.0.2.3) lib/active_support/tagged_logging.rb:37:in `tagged'
activesupport (7.0.2.3) lib/active_support/tagged_logging.rb:99:in `tagged'
railties (7.0.2.3) lib/rails/rack/logger.rb:25:in `call'
actionpack (7.0.2.3) lib/action_dispatch/middleware/remote_ip.rb:93:in `call'
actionpack (7.0.2.3) lib/action_dispatch/middleware/request_id.rb:26:in `call'
rack (2.2.3) lib/rack/runtime.rb:22:in `call'
activesupport (7.0.2.3) lib/active_support/cache/strategy/local_cache_middleware.rb:29:in `call'
actionpack (7.0.2.3) lib/action_dispatch/middleware/server_timing.rb:20:in `call'
actionpack (7.0.2.3) lib/action_dispatch/middleware/executor.rb:14:in `call'
actionpack (7.0.2.3) lib/action_dispatch/middleware/static.rb:23:in `call'
rack (2.2.3) lib/rack/sendfile.rb:110:in `call'
actionpack (7.0.2.3) lib/action_dispatch/middleware/host_authorization.rb:137:in `call'
railties (7.0.2.3) lib/rails/engine.rb:530:in `call'
puma (5.6.4) lib/puma/configuration.rb:252:in `call'
puma (5.6.4) lib/puma/request.rb:77:in `block in handle_request'
puma (5.6.4) lib/puma/thread_pool.rb:340:in `with_force_shutdown'
puma (5.6.4) lib/puma/request.rb:76:in `handle_request'
puma (5.6.4) lib/puma/server.rb:441:in `process_client'
puma (5.6.4) lib/puma/thread_pool.rb:147:in `block in spawn_thread'
Started GET "/favicon.ico" for 127.0.0.1 at 2022-04-24 17:56:29 -0300
  [1m[36mActiveRecord::SchemaMigration Pluck (0.1ms)[0m  [1m[34mSELECT "schema_migrations"."version" FROM "schema_migrations" ORDER BY "schema_migrations"."version" ASC[0m
  [1m[36mCACHE ActiveRecord::SchemaMigration Pluck (0.0ms)[0m  [1m[34mSELECT "schema_migrations"."version" FROM "schema_migrations" ORDER BY "schema_migrations"."version" ASC[0m
  
ActiveRecord::PendingMigrationError (

Migrations are pending. To resolve this issue, run:

        bin/rails db:migrate RAILS_ENV=development

You have 3 pending migrations:

20220424205338_create_authors.rb
20220424205614_create_categories.rb
20220424205619_create_posts.rb


):
  
activerecord (7.0.2.3) lib/active_record/migration.rb:627:in `check_pending!'
activerecord (7.0.2.3) lib/active_record/migration.rb:592:in `block (2 levels) in call'
activesupport (7.0.2.3) lib/active_support/file_update_checker.rb:83:in `execute'
activerecord (7.0.2.3) lib/active_record/migration.rb:597:in `block in call'
activerecord (7.0.2.3) lib/active_record/migration.rb:589:in `synchronize'
activerecord (7.0.2.3) lib/active_record/migration.rb:589:in `call'
actionpack (7.0.2.3) lib/action_dispatch/middleware/callbacks.rb:27:in `block in call'
activesupport (7.0.2.3) lib/active_support/callbacks.rb:99:in `run_callbacks'
actionpack (7.0.2.3) lib/action_dispatch/middleware/callbacks.rb:26:in `call'
actionpack (7.0.2.3) lib/action_dispatch/middleware/executor.rb:14:in `call'
actionpack (7.0.2.3) lib/action_dispatch/middleware/actionable_exceptions.rb:17:in `call'
actionpack (7.0.2.3) lib/action_dispatch/middleware/debug_exceptions.rb:28:in `call'
actionpack (7.0.2.3) lib/action_dispatch/middleware/show_exceptions.rb:26:in `call'
railties (7.0.2.3) lib/rails/rack/logger.rb:36:in `call_app'
railties (7.0.2.3) lib/rails/rack/logger.rb:25:in `block in call'
activesupport (7.0.2.3) lib/active_support/tagged_logging.rb:99:in `block in tagged'
activesupport (7.0.2.3) lib/active_support/tagged_logging.rb:37:in `tagged'
activesupport (7.0.2.3) lib/active_support/tagged_logging.rb:99:in `tagged'
railties (7.0.2.3) lib/rails/rack/logger.rb:25:in `call'
actionpack (7.0.2.3) lib/action_dispatch/middleware/remote_ip.rb:93:in `call'
actionpack (7.0.2.3) lib/action_dispatch/middleware/request_id.rb:26:in `call'
rack (2.2.3) lib/rack/runtime.rb:22:in `call'
activesupport (7.0.2.3) lib/active_support/cache/strategy/local_cache_middleware.rb:29:in `call'
actionpack (7.0.2.3) lib/action_dispatch/middleware/server_timing.rb:20:in `call'
actionpack (7.0.2.3) lib/action_dispatch/middleware/executor.rb:14:in `call'
actionpack (7.0.2.3) lib/action_dispatch/middleware/static.rb:23:in `call'
rack (2.2.3) lib/rack/sendfile.rb:110:in `call'
actionpack (7.0.2.3) lib/action_dispatch/middleware/host_authorization.rb:137:in `call'
railties (7.0.2.3) lib/rails/engine.rb:530:in `call'
puma (5.6.4) lib/puma/configuration.rb:252:in `call'
puma (5.6.4) lib/puma/request.rb:77:in `block in handle_request'
puma (5.6.4) lib/puma/thread_pool.rb:340:in `with_force_shutdown'
puma (5.6.4) lib/puma/request.rb:76:in `handle_request'
puma (5.6.4) lib/puma/server.rb:441:in `process_client'
puma (5.6.4) lib/puma/thread_pool.rb:147:in `block in spawn_thread'
  [1m[35m (0.3ms)[0m  [1m[34mSELECT sqlite_version(*)[0m
  [1m[36mActiveRecord::SchemaMigration Pluck (0.1ms)[0m  [1m[34mSELECT "schema_migrations"."version" FROM "schema_migrations" ORDER BY "schema_migrations"."version" ASC[0m
Migrating to CreateAuthors (20220424205338)
  [1m[36mTRANSACTION (0.1ms)[0m  [1m[36mbegin transaction[0m
  [1m[35m (0.2ms)[0m  [1m[35mCREATE TABLE "authors" ("id" integer PRIMARY KEY AUTOINCREMENT NOT NULL, "name" varchar, "password" varchar, "created_at" datetime(6) NOT NULL, "updated_at" datetime(6) NOT NULL)[0m
  [1m[36mActiveRecord::SchemaMigration Create (0.1ms)[0m  [1m[32mINSERT INTO "schema_migrations" ("version") VALUES (?)[0m  [["version", "20220424205338"]]
  [1m[36mTRANSACTION (231.2ms)[0m  [1m[36mcommit transaction[0m
Migrating to CreateCategories (20220424205614)
  [1m[36mTRANSACTION (0.1ms)[0m  [1m[36mbegin transaction[0m
  [1m[35m (0.7ms)[0m  [1m[35mCREATE TABLE "categories" ("id" integer PRIMARY KEY AUTOINCREMENT NOT NULL, "name" varchar, "created_at" datetime(6) NOT NULL, "updated_at" datetime(6) NOT NULL)[0m
  [1m[36mActiveRecord::SchemaMigration Create (0.3ms)[0m  [1m[32mINSERT INTO "schema_migrations" ("version") VALUES (?)[0m  [["version", "20220424205614"]]
  [1m[36mTRANSACTION (221.4ms)[0m  [1m[36mcommit transaction[0m
Migrating to CreatePosts (20220424205619)
  [1m[36mTRANSACTION (0.1ms)[0m  [1m[36mbegin transaction[0m
  [1m[35m (0.8ms)[0m  [1m[35mCREATE TABLE "posts" ("id" integer PRIMARY KEY AUTOINCREMENT NOT NULL, "title" varchar, "content" text, "tags" varchar, "category_id" integer NOT NULL, "author_id" integer NOT NULL, "created_at" datetime(6) NOT NULL, "updated_at" datetime(6) NOT NULL, CONSTRAINT "fk_rails_9b1b26f040"
FOREIGN KEY ("category_id")
  REFERENCES "categories" ("id")
, CONSTRAINT "fk_rails_04d13ef8c7"
FOREIGN KEY ("author_id")
  REFERENCES "authors" ("id")
)[0m
  [1m[35m (0.4ms)[0m  [1m[35mCREATE INDEX "index_posts_on_category_id" ON "posts" ("category_id")[0m
  [1m[35m (0.4ms)[0m  [1m[35mCREATE INDEX "index_posts_on_author_id" ON "posts" ("author_id")[0m
  [1m[36mActiveRecord::SchemaMigration Create (0.3ms)[0m  [1m[32mINSERT INTO "schema_migrations" ("version") VALUES (?)[0m  [["version", "20220424205619"]]
  [1m[36mTRANSACTION (233.2ms)[0m  [1m[36mcommit transaction[0m
  [1m[36mActiveRecord::InternalMetadata Load (0.4ms)[0m  [1m[34mSELECT "ar_internal_metadata".* FROM "ar_internal_metadata" WHERE "ar_internal_metadata"."key" = ? LIMIT ?[0m  [["key", "environment"], ["LIMIT", 1]]
  [1m[36mTRANSACTION (0.1ms)[0m  [1m[36mbegin transaction[0m
  [1m[36mActiveRecord::InternalMetadata Create (0.5ms)[0m  [1m[32mINSERT INTO "ar_internal_metadata" ("key", "value", "created_at", "updated_at") VALUES (?, ?, ?, ?)[0m  [["key", "environment"], ["value", "development"], ["created_at", "2022-04-24 20:56:39.726330"], ["updated_at", "2022-04-24 20:56:39.726330"]]
  [1m[36mTRANSACTION (222.8ms)[0m  [1m[36mcommit transaction[0m
  [1m[35m (0.2ms)[0m  [1m[34mSELECT sqlite_version(*)[0m
  [1m[36mActiveRecord::SchemaMigration Pluck (0.3ms)[0m  [1m[34mSELECT "schema_migrations"."version" FROM "schema_migrations" ORDER BY "schema_migrations"."version" ASC[0m
Started GET "/categories" for 127.0.0.1 at 2022-04-24 17:56:44 -0300
  [1m[35m (0.6ms)[0m  [1m[34mSELECT sqlite_version(*)[0m
  [1m[36mActiveRecord::SchemaMigration Pluck (0.1ms)[0m  [1m[34mSELECT "schema_migrations"."version" FROM "schema_migrations" ORDER BY "schema_migrations"."version" ASC[0m
Processing by CategoriesController#index as HTML
  [1m[36mCategory Load (0.1ms)[0m  [1m[34mSELECT "categories".* FROM "categories"[0m
  ↳ app/controllers/categories_controller.rb:8:in `index'
Completed 200 OK in 8ms (Views: 0.8ms | ActiveRecord: 0.1ms | Allocations: 14208)


Started GET "/categories/new" for 127.0.0.1 at 2022-04-24 17:56:50 -0300
Processing by CategoriesController#show as HTML
  Parameters: {"id"=>"new"}
  [1m[36mCategory Load (0.1ms)[0m  [1m[34mSELECT "categories".* FROM "categories" WHERE "categories"."id" = ? LIMIT ?[0m  [["id", nil], ["LIMIT", 1]]
  ↳ app/controllers/categories_controller.rb:44:in `set_category'
Completed 404 Not Found in 3ms (ActiveRecord: 0.5ms | Allocations: 1981)


  
ActiveRecord::RecordNotFound (Couldn't find Category with 'id'=new):
  
app/controllers/categories_controller.rb:44:in `set_category'
Started POST "/categories/new?name=Programa%C3%A7%C3%A3o" for 127.0.0.1 at 2022-04-24 17:58:30 -0300
  
ActionController::RoutingError (No route matches [POST] "/categories/new"):
  
Started POST "/categories/new" for 127.0.0.1 at 2022-04-24 17:58:38 -0300
  
ActionController::RoutingError (No route matches [POST] "/categories/new"):
  
Started GET "/categories/new" for 127.0.0.1 at 2022-04-24 17:58:41 -0300
Processing by CategoriesController#show as */*
  Parameters: {"id"=>"new"}
  [1m[35m (0.0ms)[0m  [1m[34mSELECT sqlite_version(*)[0m
  ↳ app/controllers/categories_controller.rb:44:in `set_category'
  [1m[36mCategory Load (0.1ms)[0m  [1m[34mSELECT "categories".* FROM "categories" WHERE "categories"."id" = ? LIMIT ?[0m  [["id", nil], ["LIMIT", 1]]
  ↳ app/controllers/categories_controller.rb:44:in `set_category'
Completed 404 Not Found in 7ms (ActiveRecord: 0.7ms | Allocations: 4130)


  
ActiveRecord::RecordNotFound (Couldn't find Category with 'id'=new):
  
app/controllers/categories_controller.rb:44:in `set_category'
Started GET "/categories/new" for 127.0.0.1 at 2022-04-24 17:58:45 -0300
Processing by CategoriesController#show as HTML
  Parameters: {"id"=>"new"}
  [1m[36mCategory Load (0.1ms)[0m  [1m[34mSELECT "categories".* FROM "categories" WHERE "categories"."id" = ? LIMIT ?[0m  [["id", nil], ["LIMIT", 1]]
  ↳ app/controllers/categories_controller.rb:44:in `set_category'
Completed 404 Not Found in 1ms (ActiveRecord: 0.1ms | Allocations: 508)


  
ActiveRecord::RecordNotFound (Couldn't find Category with 'id'=new):
  
app/controllers/categories_controller.rb:44:in `set_category'
Started POST "/categories/new" for 127.0.0.1 at 2022-04-24 17:59:25 -0300
  
ActionController::RoutingError (No route matches [POST] "/categories/new"):
  
Started POST "/categories" for 127.0.0.1 at 2022-04-24 18:00:07 -0300
Processing by CategoriesController#create as */*
Completed 400 Bad Request in 0ms (ActiveRecord: 0.0ms | Allocations: 190)


  
ActionController::ParameterMissing (param is missing or the value is empty: category):
  
app/controllers/categories_controller.rb:49:in `category_params'
app/controllers/categories_controller.rb:18:in `create'
Started POST "/categories?name=Programa%C3%A7%C3%A3o" for 127.0.0.1 at 2022-04-24 18:00:13 -0300
Processing by CategoriesController#create as */*
  Parameters: {"name"=>"Programação"}
Completed 400 Bad Request in 1ms (ActiveRecord: 0.0ms | Allocations: 128)


  
ActionController::ParameterMissing (param is missing or the value is empty: category):
  
app/controllers/categories_controller.rb:49:in `category_params'
app/controllers/categories_controller.rb:18:in `create'
Started GET "/categories?name=Programa%C3%A7%C3%A3o" for 127.0.0.1 at 2022-04-24 18:00:21 -0300
Processing by CategoriesController#index as HTML
  Parameters: {"name"=>"Programação"}
  [1m[36mCategory Load (0.2ms)[0m  [1m[34mSELECT "categories".* FROM "categories"[0m
  ↳ app/controllers/categories_controller.rb:8:in `index'
Completed 200 OK in 1ms (Views: 1.1ms | ActiveRecord: 0.2ms | Allocations: 688)


Started GET "/categories?name=Programa%C3%A7%C3%A3o" for 127.0.0.1 at 2022-04-24 18:00:32 -0300
Processing by CategoriesController#index as HTML
  Parameters: {"name"=>"Programação"}
  [1m[36mCategory Load (0.1ms)[0m  [1m[34mSELECT "categories".* FROM "categories"[0m
  ↳ app/controllers/categories_controller.rb:8:in `index'
Completed 200 OK in 1ms (Views: 0.8ms | ActiveRecord: 0.1ms | Allocations: 620)


Started POST "/categories?name=Programa%C3%A7%C3%A3o" for 127.0.0.1 at 2022-04-24 18:00:41 -0300
Processing by CategoriesController#create as HTML
  Parameters: {"name"=>"Programação"}
Completed 400 Bad Request in 1ms (ActiveRecord: 0.0ms | Allocations: 126)


  
ActionController::ParameterMissing (param is missing or the value is empty: category):
  
app/controllers/categories_controller.rb:49:in `category_params'
app/controllers/categories_controller.rb:18:in `create'
Started POST "/categories?name=Programa%C3%A7%C3%A3o&category=Programa%C3%A7%C3%A3o" for 127.0.0.1 at 2022-04-24 18:01:19 -0300
Processing by CategoriesController#create as */*
  Parameters: {"name"=>"Programação", "category"=>"Programação"}
Completed 500 Internal Server Error in 1ms (ActiveRecord: 0.0ms | Allocations: 1243)


  
NoMethodError (undefined method `permit' for "Programação":String):
  
app/controllers/categories_controller.rb:49:in `category_params'
app/controllers/categories_controller.rb:18:in `create'
Started POST "/categories?name=Programa%C3%A7%C3%A3o&category=Programa%C3%A7%C3%A3o" for 127.0.0.1 at 2022-04-24 18:01:35 -0300
Processing by CategoriesController#create as HTML
  Parameters: {"name"=>"Programação", "category"=>"Programação"}
Completed 500 Internal Server Error in 2ms (ActiveRecord: 0.0ms | Allocations: 1205)


  
NoMethodError (undefined method `permit' for "Programação":String):
  
app/controllers/categories_controller.rb:49:in `category_params'
app/controllers/categories_controller.rb:18:in `create'
Started POST "/categories?name=Programa%C3%A7%C3%A3o&category=1%C3%A7%C3%A3o" for 127.0.0.1 at 2022-04-24 18:01:55 -0300
Processing by CategoriesController#create as HTML
  Parameters: {"name"=>"Programação", "category"=>"1ção"}
Completed 500 Internal Server Error in 5ms (ActiveRecord: 0.0ms | Allocations: 1206)


  
NoMethodError (undefined method `permit' for "1ção":String):
  
app/controllers/categories_controller.rb:49:in `category_params'
app/controllers/categories_controller.rb:18:in `create'
Started POST "/categories?name=Programa%C3%A7%C3%A3o&category=1" for 127.0.0.1 at 2022-04-24 18:02:08 -0300
Processing by CategoriesController#create as HTML
  Parameters: {"name"=>"Programação", "category"=>"1"}
Completed 500 Internal Server Error in 5ms (ActiveRecord: 0.0ms | Allocations: 1205)


  
NoMethodError (undefined method `permit' for "1":String):
  
app/controllers/categories_controller.rb:49:in `category_params'
app/controllers/categories_controller.rb:18:in `create'
Started POST "/categories" for 127.0.0.1 at 2022-04-24 18:03:31 -0300
Processing by CategoriesController#create as */*
Completed 400 Bad Request in 2ms (Allocations: 1474)


  
ActionController::ParameterMissing (param is missing or the value is empty: category):
  
app/controllers/categories_controller.rb:50:in `category_params'
app/controllers/categories_controller.rb:18:in `create'
  [1m[35m (0.5ms)[0m  [1m[34mSELECT sqlite_version(*)[0m
  [1m[36mAuthor Load (0.1ms)[0m  [1m[34mSELECT "authors".* FROM "authors"[0m
  [1m[36mTRANSACTION (0.1ms)[0m  [1m[36mbegin transaction[0m
  [1m[36mCategory Create (0.5ms)[0m  [1m[32mINSERT INTO "categories" ("name", "created_at", "updated_at") VALUES (?, ?, ?)[0m  [["name", "Programação"], ["created_at", "2022-04-24 21:06:34.373547"], ["updated_at", "2022-04-24 21:06:34.373547"]]
  [1m[36mTRANSACTION (232.9ms)[0m  [1m[36mcommit transaction[0m
  [1m[36mCategory Load (0.1ms)[0m  [1m[34mSELECT "categories".* FROM "categories"[0m
Started GET "/categories" for 127.0.0.1 at 2022-04-24 18:07:01 -0300
Processing by CategoriesController#index as HTML
  [1m[35m (0.0ms)[0m  [1m[34mSELECT sqlite_version(*)[0m
  ↳ app/controllers/categories_controller.rb:8:in `index'
  [1m[36mCategory Load (0.1ms)[0m  [1m[34mSELECT "categories".* FROM "categories"[0m
  ↳ app/controllers/categories_controller.rb:8:in `index'
Completed 200 OK in 9ms (Views: 8.8ms | ActiveRecord: 0.6ms | Allocations: 5940)


Started POST "/categories" for 127.0.0.1 at 2022-04-24 18:08:23 -0300
Processing by CategoriesController#create as */*
  Parameters: {"name"=>"Filosofia"}
Completed 400 Bad Request in 0ms (ActiveRecord: 0.0ms | Allocations: 128)


  
ActionController::ParameterMissing (param is missing or the value is empty: category):
  
app/controllers/categories_controller.rb:50:in `category_params'
app/controllers/categories_controller.rb:18:in `create'
Started POST "/categories" for 127.0.0.1 at 2022-04-24 18:08:50 -0300
Processing by CategoriesController#create as */*
  Parameters: {"name"=>"Filosofia"}
  [1m[35m (0.1ms)[0m  [1m[34mSELECT sqlite_version(*)[0m
  ↳ app/controllers/categories_controller.rb:18:in `create'
Completed 500 Internal Server Error in 5ms (ActiveRecord: 0.6ms | Allocations: 3210)


  
ArgumentError (When assigning attributes, you must pass a hash as an argument, String passed.):
  
app/controllers/categories_controller.rb:18:in `create'
Started POST "/categories?name=Programa%C3%A7%C3%A3o" for 127.0.0.1 at 2022-04-24 18:08:58 -0300
Processing by CategoriesController#create as */*
  Parameters: {"text/plain"=>["Filosofia"], "name"=>"Programação"}
Completed 500 Internal Server Error in 0ms (ActiveRecord: 0.0ms | Allocations: 115)


  
ArgumentError (When assigning attributes, you must pass a hash as an argument, String passed.):
  
app/controllers/categories_controller.rb:18:in `create'
Started POST "/categories?name=Programa%C3%A7%C3%A3o" for 127.0.0.1 at 2022-04-24 18:09:05 -0300
Processing by CategoriesController#create as */*
  Parameters: {"name"=>"Programação"}
Completed 500 Internal Server Error in 0ms (ActiveRecord: 0.0ms | Allocations: 115)


  
ArgumentError (When assigning attributes, you must pass a hash as an argument, String passed.):
  
app/controllers/categories_controller.rb:18:in `create'
Started POST "/categories?name=Programa%C3%A7%C3%A3o" for 127.0.0.1 at 2022-04-24 18:09:18 -0300
  [1m[35m (0.4ms)[0m  [1m[34mSELECT sqlite_version(*)[0m
  [1m[36mActiveRecord::SchemaMigration Pluck (0.1ms)[0m  [1m[34mSELECT "schema_migrations"."version" FROM "schema_migrations" ORDER BY "schema_migrations"."version" ASC[0m
Processing by CategoriesController#create as */*
  Parameters: {"name"=>"Programação"}
Completed 500 Internal Server Error in 15ms (ActiveRecord: 0.5ms | Allocations: 20865)


  
ArgumentError (When assigning attributes, you must pass a hash as an argument, String passed.):
  
app/controllers/categories_controller.rb:18:in `create'
Started POST "/categories" for 127.0.0.1 at 2022-04-24 18:09:30 -0300
Processing by CategoriesController#create as */*
  Parameters: {"name"=>"Filosofia"}
Completed 500 Internal Server Error in 0ms (ActiveRecord: 0.0ms | Allocations: 123)


  
ArgumentError (When assigning attributes, you must pass a hash as an argument, String passed.):
  
app/controllers/categories_controller.rb:18:in `create'
Started POST "/categories" for 127.0.0.1 at 2022-04-24 18:09:59 -0300
Processing by CategoriesController#create as */*
  Parameters: {"name"=>"Filosofia"}
Completed 400 Bad Request in 2ms (Allocations: 1508)


  
ActionController::ParameterMissing (param is missing or the value is empty: category):
  
app/controllers/categories_controller.rb:50:in `category_params'
app/controllers/categories_controller.rb:18:in `create'
Started POST "/categories" for 127.0.0.1 at 2022-04-24 18:11:43 -0300
Processing by CategoriesController#create as */*
Completed 400 Bad Request in 0ms (Allocations: 126)


  
ActionController::ParameterMissing (param is missing or the value is empty: category):
  
app/controllers/categories_controller.rb:50:in `category_params'
app/controllers/categories_controller.rb:18:in `create'
Started POST "/categories" for 127.0.0.1 at 2022-04-24 18:12:05 -0300
Processing by CategoriesController#create as */*
  Parameters: {"category"=>{"name"=>"Filosofia"}}
  [1m[35m (0.1ms)[0m  [1m[34mSELECT sqlite_version(*)[0m
  ↳ app/controllers/categories_controller.rb:18:in `create'
  [1m[36mTRANSACTION (0.0ms)[0m  [1m[36mbegin transaction[0m
  ↳ app/controllers/categories_controller.rb:20:in `create'
  [1m[36mCategory Create (0.2ms)[0m  [1m[32mINSERT INTO "categories" ("name", "created_at", "updated_at") VALUES (?, ?, ?)[0m  [["name", "Filosofia"], ["created_at", "2022-04-24 21:12:05.017350"], ["updated_at", "2022-04-24 21:12:05.017350"]]
  ↳ app/controllers/categories_controller.rb:20:in `create'
  [1m[36mTRANSACTION (336.1ms)[0m  [1m[36mcommit transaction[0m
  ↳ app/controllers/categories_controller.rb:20:in `create'
Completed 201 Created in 345ms (Views: 1.4ms | ActiveRecord: 337.1ms | Allocations: 4582)


Started GET "/categories" for 127.0.0.1 at 2022-04-24 18:12:17 -0300
Processing by CategoriesController#index as HTML
  [1m[36mCategory Load (0.1ms)[0m  [1m[34mSELECT "categories".* FROM "categories"[0m
  ↳ app/controllers/categories_controller.rb:8:in `index'
Completed 200 OK in 1ms (Views: 1.1ms | ActiveRecord: 0.1ms | Allocations: 1002)


Started GET "/categories" for 127.0.0.1 at 2022-04-24 20:42:04 -0300
Processing by CategoriesController#index as HTML
  [1m[35m (0.2ms)[0m  [1m[34mSELECT sqlite_version(*)[0m
  ↳ app/controllers/categories_controller.rb:8:in `index'
  [1m[36mCategory Load (0.3ms)[0m  [1m[34mSELECT "categories".* FROM "categories"[0m
  ↳ app/controllers/categories_controller.rb:8:in `index'
Completed 200 OK in 8ms (Views: 7.6ms | ActiveRecord: 1.3ms | Allocations: 1447)


Started GET "/categories" for 127.0.0.1 at 2022-04-24 20:42:11 -0300
Processing by CategoriesController#index as HTML
  [1m[36mCategory Load (0.1ms)[0m  [1m[34mSELECT "categories".* FROM "categories"[0m
  ↳ app/controllers/categories_controller.rb:8:in `index'
Completed 200 OK in 1ms (Views: 1.0ms | ActiveRecord: 0.1ms | Allocations: 827)


Started GET "/categories" for 127.0.0.1 at 2022-04-24 20:42:26 -0300
Processing by CategoriesController#index as HTML
  [1m[36mCategory Load (0.1ms)[0m  [1m[34mSELECT "categories".* FROM "categories"[0m
  ↳ app/controllers/categories_controller.rb:8:in `index'
Completed 200 OK in 1ms (Views: 1.0ms | ActiveRecord: 0.1ms | Allocations: 833)


Started GET "/categories" for 127.0.0.1 at 2022-04-24 20:42:27 -0300
Processing by CategoriesController#index as HTML
  [1m[36mCategory Load (0.1ms)[0m  [1m[34mSELECT "categories".* FROM "categories"[0m
  ↳ app/controllers/categories_controller.rb:8:in `index'
Completed 200 OK in 2ms (Views: 1.4ms | ActiveRecord: 0.1ms | Allocations: 828)


Started GET "/categories" for 127.0.0.1 at 2022-04-24 20:42:51 -0300
Processing by CategoriesController#index as HTML
  [1m[36mCategory Load (0.1ms)[0m  [1m[34mSELECT "categories".* FROM "categories"[0m
  ↳ app/controllers/categories_controller.rb:8:in `index'
Completed 200 OK in 1ms (Views: 0.9ms | ActiveRecord: 0.1ms | Allocations: 827)


Started GET "/categories" for 127.0.0.1 at 2022-04-24 20:43:37 -0300
Processing by CategoriesController#index as HTML
  [1m[36mCategory Load (0.1ms)[0m  [1m[34mSELECT "categories".* FROM "categories"[0m
  ↳ app/controllers/categories_controller.rb:8:in `index'
Completed 200 OK in 2ms (Views: 1.2ms | ActiveRecord: 0.1ms | Allocations: 827)


Started GET "/categories" for 127.0.0.1 at 2022-04-24 20:43:50 -0300
Processing by CategoriesController#index as HTML
  [1m[36mCategory Load (0.1ms)[0m  [1m[34mSELECT "categories".* FROM "categories"[0m
  ↳ app/controllers/categories_controller.rb:8:in `index'
Completed 200 OK in 1ms (Views: 1.1ms | ActiveRecord: 0.1ms | Allocations: 827)


Started GET "/categories" for 127.0.0.1 at 2022-04-24 20:44:18 -0300
Processing by CategoriesController#index as HTML
  [1m[36mCategory Load (0.1ms)[0m  [1m[34mSELECT "categories".* FROM "categories"[0m
  ↳ app/controllers/categories_controller.rb:8:in `index'
Completed 200 OK in 1ms (Views: 0.9ms | ActiveRecord: 0.1ms | Allocations: 827)


Started GET "/categories" for 127.0.0.1 at 2022-04-24 20:44:31 -0300
Processing by CategoriesController#index as HTML
  [1m[36mCategory Load (0.1ms)[0m  [1m[34mSELECT "categories".* FROM "categories"[0m
  ↳ app/controllers/categories_controller.rb:8:in `index'
Completed 200 OK in 1ms (Views: 0.9ms | ActiveRecord: 0.1ms | Allocations: 827)


Started GET "/categories" for 127.0.0.1 at 2022-04-24 20:44:36 -0300
Processing by CategoriesController#index as HTML
  [1m[36mCategory Load (0.1ms)[0m  [1m[34mSELECT "categories".* FROM "categories"[0m
  ↳ app/controllers/categories_controller.rb:8:in `index'
Completed 200 OK in 1ms (Views: 1.1ms | ActiveRecord: 0.1ms | Allocations: 827)


Started GET "/categories" for 127.0.0.1 at 2022-04-24 20:44:46 -0300
Processing by CategoriesController#index as HTML
  [1m[36mCategory Load (0.1ms)[0m  [1m[34mSELECT "categories".* FROM "categories"[0m
  ↳ app/controllers/categories_controller.rb:8:in `index'
Completed 200 OK in 1ms (Views: 0.9ms | ActiveRecord: 0.1ms | Allocations: 827)


Started GET "/categories" for 127.0.0.1 at 2022-04-24 20:45:16 -0300
Processing by CategoriesController#index as HTML
  [1m[36mCategory Load (0.1ms)[0m  [1m[34mSELECT "categories".* FROM "categories"[0m
  ↳ app/controllers/categories_controller.rb:8:in `index'
Completed 200 OK in 1ms (Views: 1.0ms | ActiveRecord: 0.1ms | Allocations: 827)


Started GET "/categories" for 127.0.0.1 at 2022-04-24 20:45:18 -0300
Processing by CategoriesController#index as HTML
  [1m[36mCategory Load (0.1ms)[0m  [1m[34mSELECT "categories".* FROM "categories"[0m
  ↳ app/controllers/categories_controller.rb:8:in `index'
Completed 200 OK in 1ms (Views: 1.0ms | ActiveRecord: 0.1ms | Allocations: 827)


Started GET "/categories" for 127.0.0.1 at 2022-04-24 20:45:23 -0300
Processing by CategoriesController#index as HTML
  [1m[36mCategory Load (0.1ms)[0m  [1m[34mSELECT "categories".* FROM "categories"[0m
  ↳ app/controllers/categories_controller.rb:8:in `index'
Completed 200 OK in 1ms (Views: 0.9ms | ActiveRecord: 0.1ms | Allocations: 827)


Started GET "/categories" for 127.0.0.1 at 2022-04-24 20:45:24 -0300
Processing by CategoriesController#index as HTML
  [1m[36mCategory Load (0.1ms)[0m  [1m[34mSELECT "categories".* FROM "categories"[0m
  ↳ app/controllers/categories_controller.rb:8:in `index'
Completed 200 OK in 1ms (Views: 1.0ms | ActiveRecord: 0.1ms | Allocations: 827)


Started GET "/categories" for 127.0.0.1 at 2022-04-24 20:45:35 -0300
Processing by CategoriesController#index as HTML
  [1m[36mCategory Load (0.1ms)[0m  [1m[34mSELECT "categories".* FROM "categories"[0m
  ↳ app/controllers/categories_controller.rb:8:in `index'
Completed 200 OK in 1ms (Views: 1.0ms | ActiveRecord: 0.1ms | Allocations: 827)


Started GET "/categories" for 127.0.0.1 at 2022-04-24 20:46:07 -0300
Processing by CategoriesController#index as HTML
  [1m[36mCategory Load (0.1ms)[0m  [1m[34mSELECT "categories".* FROM "categories"[0m
  ↳ app/controllers/categories_controller.rb:8:in `index'
Completed 200 OK in 1ms (Views: 0.9ms | ActiveRecord: 0.1ms | Allocations: 827)


Started GET "/categories" for 127.0.0.1 at 2022-04-24 20:46:10 -0300
Processing by CategoriesController#index as HTML
  [1m[36mCategory Load (0.1ms)[0m  [1m[34mSELECT "categories".* FROM "categories"[0m
  ↳ app/controllers/categories_controller.rb:8:in `index'
Completed 200 OK in 1ms (Views: 1.0ms | ActiveRecord: 0.1ms | Allocations: 827)


Started GET "/categories" for 127.0.0.1 at 2022-04-24 20:46:15 -0300
Processing by CategoriesController#index as HTML
  [1m[36mCategory Load (0.1ms)[0m  [1m[34mSELECT "categories".* FROM "categories"[0m
  ↳ app/controllers/categories_controller.rb:8:in `index'
Completed 200 OK in 1ms (Views: 1.0ms | ActiveRecord: 0.1ms | Allocations: 827)


Started GET "/categories" for 127.0.0.1 at 2022-04-24 20:46:46 -0300
Processing by CategoriesController#index as HTML
  [1m[36mCategory Load (0.1ms)[0m  [1m[34mSELECT "categories".* FROM "categories"[0m
  ↳ app/controllers/categories_controller.rb:8:in `index'
Completed 200 OK in 1ms (Views: 0.9ms | ActiveRecord: 0.1ms | Allocations: 827)


Started GET "/categories" for 127.0.0.1 at 2022-04-24 20:46:59 -0300
Processing by CategoriesController#index as HTML
  [1m[36mCategory Load (0.1ms)[0m  [1m[34mSELECT "categories".* FROM "categories"[0m
  ↳ app/controllers/categories_controller.rb:8:in `index'
Completed 200 OK in 1ms (Views: 1.0ms | ActiveRecord: 0.1ms | Allocations: 827)


Started GET "/categories" for ::1 at 2022-04-25 08:58:44 -0300
  [1m[35m (40.9ms)[0m  [1m[34mSELECT sqlite_version(*)[0m
  [1m[36mActiveRecord::SchemaMigration Pluck (0.4ms)[0m  [1m[34mSELECT "schema_migrations"."version" FROM "schema_migrations" ORDER BY "schema_migrations"."version" ASC[0m
Processing by CategoriesController#index as HTML
  [1m[36mCategory Load (0.4ms)[0m  [1m[34mSELECT "categories".* FROM "categories"[0m
  ↳ app/controllers/categories_controller.rb:8:in `index'
Completed 200 OK in 169ms (Views: 42.5ms | ActiveRecord: 1.9ms | Allocations: 19854)


Started GET "/categories" for ::1 at 2022-04-25 09:01:04 -0300
Processing by CategoriesController#index as HTML
  [1m[36mCategory Load (0.1ms)[0m  [1m[34mSELECT "categories".* FROM "categories"[0m
  ↳ app/controllers/categories_controller.rb:8:in `index'
Completed 200 OK in 1ms (Views: 1.0ms | ActiveRecord: 0.1ms | Allocations: 844)


Started GET "/categories" for ::1 at 2022-04-25 09:01:05 -0300
Processing by CategoriesController#index as HTML
  [1m[36mCategory Load (0.1ms)[0m  [1m[34mSELECT "categories".* FROM "categories"[0m
  ↳ app/controllers/categories_controller.rb:8:in `index'
Completed 200 OK in 1ms (Views: 0.9ms | ActiveRecord: 0.1ms | Allocations: 839)


Started GET "/categories" for ::1 at 2022-04-25 09:01:06 -0300
Processing by CategoriesController#index as HTML
  [1m[36mCategory Load (0.1ms)[0m  [1m[34mSELECT "categories".* FROM "categories"[0m
  ↳ app/controllers/categories_controller.rb:8:in `index'
Completed 200 OK in 1ms (Views: 1.1ms | ActiveRecord: 0.1ms | Allocations: 839)


Started GET "/categories" for ::1 at 2022-04-25 09:01:17 -0300
Processing by CategoriesController#index as HTML
  [1m[36mCategory Load (0.1ms)[0m  [1m[34mSELECT "categories".* FROM "categories"[0m
  ↳ app/controllers/categories_controller.rb:8:in `index'
Completed 200 OK in 5ms (Views: 4.4ms | ActiveRecord: 0.1ms | Allocations: 839)


Started GET "/favicon.ico" for ::1 at 2022-04-25 09:01:17 -0300
  
ActionController::RoutingError (No route matches [GET] "/favicon.ico"):
  
Started GET "/categories" for ::1 at 2022-04-25 09:01:27 -0300
Processing by CategoriesController#index as HTML
  [1m[36mCategory Load (0.1ms)[0m  [1m[34mSELECT "categories".* FROM "categories"[0m
  ↳ app/controllers/categories_controller.rb:8:in `index'
Completed 200 OK in 1ms (Views: 1.2ms | ActiveRecord: 0.1ms | Allocations: 826)


Started GET "/categories" for ::1 at 2022-04-25 09:01:29 -0300
Processing by CategoriesController#index as HTML
  [1m[36mCategory Load (0.1ms)[0m  [1m[34mSELECT "categories".* FROM "categories"[0m
  ↳ app/controllers/categories_controller.rb:8:in `index'
Completed 200 OK in 1ms (Views: 1.1ms | ActiveRecord: 0.1ms | Allocations: 827)


Started GET "/categories" for ::1 at 2022-04-25 09:02:55 -0300
Processing by CategoriesController#index as HTML
  [1m[36mCategory Load (0.1ms)[0m  [1m[34mSELECT "categories".* FROM "categories"[0m
  ↳ app/controllers/categories_controller.rb:8:in `index'
Completed 200 OK in 1ms (Views: 1.0ms | ActiveRecord: 0.1ms | Allocations: 827)


Started GET "/categories" for 127.0.0.1 at 2022-04-25 09:03:19 -0300
Processing by CategoriesController#index as HTML
  [1m[36mCategory Load (0.1ms)[0m  [1m[34mSELECT "categories".* FROM "categories"[0m
  ↳ app/controllers/categories_controller.rb:8:in `index'
Completed 200 OK in 1ms (Views: 1.0ms | ActiveRecord: 0.1ms | Allocations: 827)


Started GET "/categories" for ::1 at 2022-04-25 09:13:47 -0300
Processing by CategoriesController#index as HTML
  [1m[35m (0.1ms)[0m  [1m[34mSELECT sqlite_version(*)[0m
  ↳ app/controllers/categories_controller.rb:8:in `index'
  [1m[36mCategory Load (0.1ms)[0m  [1m[34mSELECT "categories".* FROM "categories"[0m
  ↳ app/controllers/categories_controller.rb:8:in `index'
Completed 200 OK in 2ms (Views: 2.1ms | ActiveRecord: 0.4ms | Allocations: 1445)


Started GET "/categories" for 127.0.0.1 at 2022-04-25 09:14:50 -0300
Processing by CategoriesController#index as HTML
  [1m[36mCategory Load (0.1ms)[0m  [1m[34mSELECT "categories".* FROM "categories"[0m
  ↳ app/controllers/categories_controller.rb:8:in `index'
Completed 200 OK in 1ms (Views: 1.0ms | ActiveRecord: 0.1ms | Allocations: 828)


Started GET "/categories" for ::1 at 2022-04-25 09:14:51 -0300
Processing by CategoriesController#index as HTML
  [1m[36mCategory Load (0.1ms)[0m  [1m[34mSELECT "categories".* FROM "categories"[0m
  ↳ app/controllers/categories_controller.rb:8:in `index'
Completed 200 OK in 1ms (Views: 0.9ms | ActiveRecord: 0.1ms | Allocations: 827)


Started GET "/categories" for 127.0.0.1 at 2022-04-25 09:14:58 -0300
Processing by CategoriesController#index as HTML
  [1m[36mCategory Load (0.1ms)[0m  [1m[34mSELECT "categories".* FROM "categories"[0m
  ↳ app/controllers/categories_controller.rb:8:in `index'
Completed 200 OK in 1ms (Views: 1.1ms | ActiveRecord: 0.1ms | Allocations: 827)


Started GET "/categories" for ::1 at 2022-04-25 09:14:59 -0300
Processing by CategoriesController#index as HTML
  [1m[36mCategory Load (0.1ms)[0m  [1m[34mSELECT "categories".* FROM "categories"[0m
  ↳ app/controllers/categories_controller.rb:8:in `index'
Completed 200 OK in 1ms (Views: 1.0ms | ActiveRecord: 0.1ms | Allocations: 827)


Started GET "/categories" for 127.0.0.1 at 2022-04-25 09:15:05 -0300
Processing by CategoriesController#index as HTML
  [1m[36mCategory Load (0.1ms)[0m  [1m[34mSELECT "categories".* FROM "categories"[0m
  ↳ app/controllers/categories_controller.rb:8:in `index'
Completed 200 OK in 1ms (Views: 1.1ms | ActiveRecord: 0.1ms | Allocations: 827)


Started GET "/categories" for ::1 at 2022-04-25 09:15:07 -0300
Processing by CategoriesController#index as HTML
  [1m[36mCategory Load (0.1ms)[0m  [1m[34mSELECT "categories".* FROM "categories"[0m
  ↳ app/controllers/categories_controller.rb:8:in `index'
Completed 200 OK in 1ms (Views: 0.9ms | ActiveRecord: 0.1ms | Allocations: 827)


Started GET "/categories" for 127.0.0.1 at 2022-04-25 09:16:16 -0300
Processing by CategoriesController#index as HTML
  [1m[36mCategory Load (0.1ms)[0m  [1m[34mSELECT "categories".* FROM "categories"[0m
  ↳ app/controllers/categories_controller.rb:8:in `index'
Completed 200 OK in 1ms (Views: 1.2ms | ActiveRecord: 0.1ms | Allocations: 827)


Started GET "/categories" for ::1 at 2022-04-25 09:16:17 -0300
Processing by CategoriesController#index as HTML
  [1m[36mCategory Load (0.1ms)[0m  [1m[34mSELECT "categories".* FROM "categories"[0m
  ↳ app/controllers/categories_controller.rb:8:in `index'
Completed 200 OK in 1ms (Views: 1.0ms | ActiveRecord: 0.1ms | Allocations: 827)


Started GET "/categories" for 127.0.0.1 at 2022-04-25 09:16:51 -0300
Processing by CategoriesController#index as HTML
  [1m[36mCategory Load (0.1ms)[0m  [1m[34mSELECT "categories".* FROM "categories"[0m
  ↳ app/controllers/categories_controller.rb:8:in `index'
Completed 200 OK in 1ms (Views: 0.9ms | ActiveRecord: 0.1ms | Allocations: 827)


Started GET "/categories" for ::1 at 2022-04-25 09:16:52 -0300
Processing by CategoriesController#index as HTML
  [1m[36mCategory Load (0.1ms)[0m  [1m[34mSELECT "categories".* FROM "categories"[0m
  ↳ app/controllers/categories_controller.rb:8:in `index'
Completed 200 OK in 3ms (Views: 2.7ms | ActiveRecord: 0.1ms | Allocations: 827)


Started GET "/categories" for 127.0.0.1 at 2022-04-25 09:18:48 -0300
Processing by CategoriesController#index as HTML
  [1m[36mCategory Load (0.1ms)[0m  [1m[34mSELECT "categories".* FROM "categories"[0m
  ↳ app/controllers/categories_controller.rb:8:in `index'
Completed 200 OK in 1ms (Views: 1.0ms | ActiveRecord: 0.1ms | Allocations: 827)


Started GET "/categories" for ::1 at 2022-04-25 09:18:49 -0300
Processing by CategoriesController#index as HTML
  [1m[36mCategory Load (0.1ms)[0m  [1m[34mSELECT "categories".* FROM "categories"[0m
  ↳ app/controllers/categories_controller.rb:8:in `index'
Completed 200 OK in 1ms (Views: 1.0ms | ActiveRecord: 0.1ms | Allocations: 827)


Started GET "/categories" for ::1 at 2022-04-25 09:19:18 -0300
Processing by CategoriesController#index as HTML
  [1m[36mCategory Load (0.1ms)[0m  [1m[34mSELECT "categories".* FROM "categories"[0m
  ↳ app/controllers/categories_controller.rb:8:in `index'
Completed 200 OK in 1ms (Views: 1.0ms | ActiveRecord: 0.1ms | Allocations: 827)


Started GET "/categories" for 127.0.0.1 at 2022-04-25 09:19:18 -0300
Processing by CategoriesController#index as HTML
  [1m[36mCategory Load (0.1ms)[0m  [1m[34mSELECT "categories".* FROM "categories"[0m
  ↳ app/controllers/categories_controller.rb:8:in `index'
Completed 200 OK in 1ms (Views: 1.0ms | ActiveRecord: 0.1ms | Allocations: 827)


Started GET "/categories" for 127.0.0.1 at 2022-04-25 09:19:19 -0300
Processing by CategoriesController#index as HTML
  [1m[36mCategory Load (0.1ms)[0m  [1m[34mSELECT "categories".* FROM "categories"[0m
  ↳ app/controllers/categories_controller.rb:8:in `index'
Completed 200 OK in 1ms (Views: 1.1ms | ActiveRecord: 0.1ms | Allocations: 827)


Started GET "/categories" for 127.0.0.1 at 2022-04-25 09:19:35 -0300
Processing by CategoriesController#index as HTML
  [1m[36mCategory Load (0.1ms)[0m  [1m[34mSELECT "categories".* FROM "categories"[0m
  ↳ app/controllers/categories_controller.rb:8:in `index'
Completed 200 OK in 1ms (Views: 0.9ms | ActiveRecord: 0.1ms | Allocations: 827)


Started GET "/categories" for ::1 at 2022-04-25 09:19:35 -0300
Processing by CategoriesController#index as HTML
  [1m[36mCategory Load (0.1ms)[0m  [1m[34mSELECT "categories".* FROM "categories"[0m
  ↳ app/controllers/categories_controller.rb:8:in `index'
Completed 200 OK in 1ms (Views: 1.0ms | ActiveRecord: 0.1ms | Allocations: 827)


Started GET "/posts" for ::1 at 2022-04-25 09:20:18 -0300
Processing by PostsController#index as HTML
  [1m[36mPost Load (0.2ms)[0m  [1m[34mSELECT "posts".* FROM "posts"[0m
  ↳ app/controllers/posts_controller.rb:8:in `index'
Completed 200 OK in 28ms (Views: 1.4ms | ActiveRecord: 0.2ms | Allocations: 3764)


Started GET "/favicon.ico" for ::1 at 2022-04-25 09:20:18 -0300
  
ActionController::RoutingError (No route matches [GET] "/favicon.ico"):
  
Started GET "/posts" for 127.0.0.1 at 2022-04-25 09:20:39 -0300
Processing by PostsController#index as HTML
  [1m[36mPost Load (0.1ms)[0m  [1m[34mSELECT "posts".* FROM "posts"[0m
  ↳ app/controllers/posts_controller.rb:8:in `index'
Completed 200 OK in 1ms (Views: 0.8ms | ActiveRecord: 0.1ms | Allocations: 608)


Started GET "/posts" for ::1 at 2022-04-25 09:20:39 -0300
Processing by PostsController#index as HTML
  [1m[36mPost Load (0.1ms)[0m  [1m[34mSELECT "posts".* FROM "posts"[0m
  ↳ app/controllers/posts_controller.rb:8:in `index'
Completed 200 OK in 1ms (Views: 0.9ms | ActiveRecord: 0.1ms | Allocations: 609)


Started GET "/categories" for 127.0.0.1 at 2022-04-25 09:20:55 -0300
Started GET "/posts" for 127.0.0.1 at 2022-04-25 09:20:55 -0300
Processing by CategoriesController#index as HTML
  [1m[36mCategory Load (0.1ms)[0m  [1m[34mSELECT "categories".* FROM "categories"[0m
  ↳ app/controllers/categories_controller.rb:8:in `index'
Completed 200 OK in 1ms (Views: 1.0ms | ActiveRecord: 0.1ms | Allocations: 854)


Processing by PostsController#index as HTML
  [1m[36mPost Load (0.1ms)[0m  [1m[34mSELECT "posts".* FROM "posts"[0m
  ↳ app/controllers/posts_controller.rb:8:in `index'
Completed 200 OK in 1ms (Views: 0.8ms | ActiveRecord: 0.1ms | Allocations: 609)


Started GET "/categories" for ::1 at 2022-04-25 09:20:57 -0300
Started GET "/posts" for ::1 at 2022-04-25 09:20:57 -0300
Processing by PostsController#index as HTML
  [1m[36mPost Load (0.1ms)[0m  [1m[34mSELECT "posts".* FROM "posts"[0m
  ↳ app/controllers/posts_controller.rb:8:in `index'
Completed 200 OK in 1ms (Views: 0.8ms | ActiveRecord: 0.1ms | Allocations: 618)


Processing by CategoriesController#index as HTML
  [1m[36mCategory Load (0.1ms)[0m  [1m[34mSELECT "categories".* FROM "categories"[0m
  ↳ app/controllers/categories_controller.rb:8:in `index'
Completed 200 OK in 1ms (Views: 1.1ms | ActiveRecord: 0.1ms | Allocations: 827)


Started GET "/categories" for 127.0.0.1 at 2022-04-25 09:24:44 -0300
Processing by CategoriesController#index as HTML
  [1m[36mCategory Load (0.1ms)[0m  [1m[34mSELECT "categories".* FROM "categories"[0m
  ↳ app/controllers/categories_controller.rb:8:in `index'
Completed 200 OK in 1ms (Views: 1.0ms | ActiveRecord: 0.1ms | Allocations: 827)


Started GET "/posts" for 127.0.0.1 at 2022-04-25 09:24:44 -0300
Processing by PostsController#index as HTML
  [1m[36mPost Load (0.1ms)[0m  [1m[34mSELECT "posts".* FROM "posts"[0m
  ↳ app/controllers/posts_controller.rb:8:in `index'
Completed 200 OK in 1ms (Views: 0.8ms | ActiveRecord: 0.1ms | Allocations: 609)


Started GET "/categories" for ::1 at 2022-04-25 09:24:45 -0300
Processing by CategoriesController#index as HTML
  [1m[36mCategory Load (0.1ms)[0m  [1m[34mSELECT "categories".* FROM "categories"[0m
  ↳ app/controllers/categories_controller.rb:8:in `index'
Completed 200 OK in 1ms (Views: 1.1ms | ActiveRecord: 0.1ms | Allocations: 827)


Started GET "/posts" for ::1 at 2022-04-25 09:24:45 -0300
Processing by PostsController#index as HTML
  [1m[36mPost Load (0.1ms)[0m  [1m[34mSELECT "posts".* FROM "posts"[0m
  ↳ app/controllers/posts_controller.rb:8:in `index'
Completed 200 OK in 1ms (Views: 0.8ms | ActiveRecord: 0.1ms | Allocations: 609)


Started GET "/categories" for 127.0.0.1 at 2022-04-25 09:27:31 -0300
Started GET "/posts" for 127.0.0.1 at 2022-04-25 09:27:31 -0300
Processing by PostsController#index as HTML
  [1m[36mPost Load (0.1ms)[0m  [1m[34mSELECT "posts".* FROM "posts"[0m
  ↳ app/controllers/posts_controller.rb:8:in `index'
Completed 200 OK in 1ms (Views: 0.7ms | ActiveRecord: 0.1ms | Allocations: 626)


Processing by CategoriesController#index as HTML
  [1m[36mCategory Load (0.1ms)[0m  [1m[34mSELECT "categories".* FROM "categories"[0m
  ↳ app/controllers/categories_controller.rb:8:in `index'
Completed 200 OK in 1ms (Views: 1.1ms | ActiveRecord: 0.1ms | Allocations: 827)


Started GET "/posts" for 127.0.0.1 at 2022-04-25 09:28:18 -0300
Processing by PostsController#index as HTML
  [1m[36mPost Load (0.1ms)[0m  [1m[34mSELECT "posts".* FROM "posts"[0m
  ↳ app/controllers/posts_controller.rb:8:in `index'
Completed 200 OK in 1ms (Views: 0.7ms | ActiveRecord: 0.1ms | Allocations: 609)


Started GET "/posts" for 127.0.0.1 at 2022-04-25 09:29:52 -0300
Processing by PostsController#index as HTML
  [1m[36mPost Load (0.1ms)[0m  [1m[34mSELECT "posts".* FROM "posts"[0m
  ↳ app/controllers/posts_controller.rb:8:in `index'
Completed 200 OK in 1ms (Views: 0.7ms | ActiveRecord: 0.1ms | Allocations: 609)


Started GET "/categories" for 127.0.0.1 at 2022-04-25 09:30:10 -0300
Started GET "/posts" for 127.0.0.1 at 2022-04-25 09:30:10 -0300
Processing by CategoriesController#index as HTML
  [1m[36mCategory Load (0.1ms)[0m  [1m[34mSELECT "categories".* FROM "categories"[0m
  ↳ app/controllers/categories_controller.rb:8:in `index'
Completed 200 OK in 1ms (Views: 1.0ms | ActiveRecord: 0.1ms | Allocations: 844)


Processing by PostsController#index as HTML
  [1m[36mPost Load (0.1ms)[0m  [1m[34mSELECT "posts".* FROM "posts"[0m
  ↳ app/controllers/posts_controller.rb:8:in `index'
Completed 200 OK in 1ms (Views: 0.8ms | ActiveRecord: 0.1ms | Allocations: 609)


Started GET "/posts" for 127.0.0.1 at 2022-04-25 09:31:10 -0300
Processing by PostsController#index as HTML
  [1m[36mPost Load (0.1ms)[0m  [1m[34mSELECT "posts".* FROM "posts"[0m
  ↳ app/controllers/posts_controller.rb:8:in `index'
Completed 200 OK in 1ms (Views: 0.7ms | ActiveRecord: 0.1ms | Allocations: 609)


Started GET "/categories" for 127.0.0.1 at 2022-04-25 09:31:11 -0300
Processing by CategoriesController#index as HTML
  [1m[36mCategory Load (0.1ms)[0m  [1m[34mSELECT "categories".* FROM "categories"[0m
  ↳ app/controllers/categories_controller.rb:8:in `index'
Completed 200 OK in 3ms (Views: 2.3ms | ActiveRecord: 0.1ms | Allocations: 1242)


Started GET "/posts" for 127.0.0.1 at 2022-04-25 09:31:11 -0300
Processing by PostsController#index as HTML
  [1m[36mPost Load (0.1ms)[0m  [1m[34mSELECT "posts".* FROM "posts"[0m
  ↳ app/controllers/posts_controller.rb:8:in `index'
Completed 200 OK in 1ms (Views: 0.9ms | ActiveRecord: 0.1ms | Allocations: 609)


Started GET "/posts" for 127.0.0.1 at 2022-04-25 09:31:21 -0300
Processing by PostsController#index as HTML
  [1m[36mPost Load (0.1ms)[0m  [1m[34mSELECT "posts".* FROM "posts"[0m
  ↳ app/controllers/posts_controller.rb:8:in `index'
Completed 200 OK in 1ms (Views: 0.9ms | ActiveRecord: 0.1ms | Allocations: 609)


Started GET "/posts" for 127.0.0.1 at 2022-04-25 09:31:27 -0300
Processing by PostsController#index as HTML
  [1m[36mPost Load (0.1ms)[0m  [1m[34mSELECT "posts".* FROM "posts"[0m
  ↳ app/controllers/posts_controller.rb:8:in `index'
Completed 200 OK in 1ms (Views: 0.7ms | ActiveRecord: 0.1ms | Allocations: 609)


Started GET "/posts" for 127.0.0.1 at 2022-04-25 09:31:59 -0300
Processing by PostsController#index as HTML
  [1m[36mPost Load (0.1ms)[0m  [1m[34mSELECT "posts".* FROM "posts"[0m
  ↳ app/controllers/posts_controller.rb:8:in `index'
Completed 200 OK in 1ms (Views: 0.6ms | ActiveRecord: 0.1ms | Allocations: 609)


  [1m[35m (1.5ms)[0m  [1m[34mSELECT sqlite_version(*)[0m
  [1m[36mAuthor Load (0.4ms)[0m  [1m[34mSELECT "authors".* FROM "authors"[0m
  [1m[36mTRANSACTION (0.1ms)[0m  [1m[36mbegin transaction[0m
  [1m[36mAuthor Create (0.7ms)[0m  [1m[32mINSERT INTO "authors" ("name", "password", "created_at", "updated_at") VALUES (?, ?, ?, ?)[0m  [["name", nil], ["password", "[FILTERED]"], ["created_at", "2022-04-25 12:32:44.894908"], ["updated_at", "2022-04-25 12:32:44.894908"]]
  [1m[36mTRANSACTION (218.6ms)[0m  [1m[36mcommit transaction[0m
  [1m[36mAuthor Load (0.2ms)[0m  [1m[34mSELECT "authors".* FROM "authors"[0m
  [1m[36mAuthor Load (0.2ms)[0m  [1m[34mSELECT "authors".* FROM "authors"[0m
  [1m[36mTRANSACTION (0.1ms)[0m  [1m[36mbegin transaction[0m
  [1m[36mAuthor Destroy (0.6ms)[0m  [1m[31mDELETE FROM "authors" WHERE "authors"."id" = ?[0m  [["id", 1]]
  [1m[36mTRANSACTION (218.0ms)[0m  [1m[36mcommit transaction[0m
  [1m[36mTRANSACTION (0.0ms)[0m  [1m[36mbegin transaction[0m
  [1m[36mAuthor Create (0.2ms)[0m  [1m[32mINSERT INTO "authors" ("name", "password", "created_at", "updated_at") VALUES (?, ?, ?, ?)[0m  [["name", "Luis"], ["password", "[FILTERED]"], ["created_at", "2022-04-25 12:33:30.598099"], ["updated_at", "2022-04-25 12:33:30.598099"]]
  [1m[36mTRANSACTION (241.0ms)[0m  [1m[36mcommit transaction[0m
  [1m[36mPost Load (0.4ms)[0m  [1m[34mSELECT "posts".* FROM "posts"[0m
Started GET "/" for 127.0.0.1 at 2022-04-25 09:34:34 -0300
Processing by Rails::WelcomeController#index as HTML
  Rendering /home/luis/.asdf/installs/ruby/3.0.0/lib/ruby/gems/3.0.0/gems/railties-7.0.2.3/lib/rails/templates/rails/welcome/index.html.erb
  Rendered /home/luis/.asdf/installs/ruby/3.0.0/lib/ruby/gems/3.0.0/gems/railties-7.0.2.3/lib/rails/templates/rails/welcome/index.html.erb (Duration: 41.7ms | Allocations: 376)
Completed 200 OK in 64ms (Views: 42.5ms | ActiveRecord: 0.0ms | Allocations: 3926)


Started GET "/categories" for 127.0.0.1 at 2022-04-25 09:34:38 -0300
Processing by CategoriesController#index as HTML
  [1m[36mCategory Load (0.1ms)[0m  [1m[34mSELECT "categories".* FROM "categories"[0m
  ↳ app/controllers/categories_controller.rb:8:in `index'
Completed 200 OK in 2ms (Views: 1.2ms | ActiveRecord: 0.1ms | Allocations: 827)


  [1m[36mTRANSACTION (0.1ms)[0m  [1m[36mbegin transaction[0m
  [1m[36mCategory Load (0.3ms)[0m  [1m[34mSELECT "categories".* FROM "categories" WHERE "categories"."id" = ? LIMIT ?[0m  [["id", 2], ["LIMIT", 1]]
  [1m[36mAuthor Load (0.2ms)[0m  [1m[34mSELECT "authors".* FROM "authors" WHERE "authors"."id" = ? LIMIT ?[0m  [["id", 2], ["LIMIT", 1]]
  [1m[36mPost Create (0.6ms)[0m  [1m[32mINSERT INTO "posts" ("title", "content", "tags", "category_id", "author_id", "created_at", "updated_at") VALUES (?, ?, ?, ?, ?, ?, ?)[0m  [["title", "Ser ou não ser"], ["content", "Ser ou não ser: eis a questão"], ["tags", "filosofia"], ["category_id", 2], ["author_id", 2], ["created_at", "2022-04-25 12:34:55.710019"], ["updated_at", "2022-04-25 12:34:55.710019"]]
  [1m[36mTRANSACTION (220.9ms)[0m  [1m[36mcommit transaction[0m
Started GET "/posts" for 127.0.0.1 at 2022-04-25 09:36:13 -0300
Processing by PostsController#index as HTML
  [1m[36mPost Load (0.1ms)[0m  [1m[34mSELECT "posts".* FROM "posts"[0m
  ↳ app/controllers/posts_controller.rb:8:in `index'
Completed 200 OK in 5ms (Views: 4.5ms | ActiveRecord: 0.4ms | Allocations: 5102)


Started GET "/posts" for 127.0.0.1 at 2022-04-25 09:36:32 -0300
Processing by PostsController#index as HTML
  [1m[36mPost Load (0.1ms)[0m  [1m[34mSELECT "posts".* FROM "posts"[0m
  ↳ app/controllers/posts_controller.rb:8:in `index'
Completed 200 OK in 1ms (Views: 0.9ms | ActiveRecord: 0.1ms | Allocations: 758)


Started GET "/posts" for 127.0.0.1 at 2022-04-25 09:37:49 -0300
Processing by PostsController#index as HTML
  [1m[36mPost Load (0.1ms)[0m  [1m[34mSELECT "posts".* FROM "posts"[0m
  ↳ app/controllers/posts_controller.rb:8:in `index'
Completed 200 OK in 1ms (Views: 0.9ms | ActiveRecord: 0.1ms | Allocations: 758)


Started GET "/posts" for 127.0.0.1 at 2022-04-25 09:38:36 -0300
Processing by PostsController#index as HTML
  [1m[36mPost Load (0.1ms)[0m  [1m[34mSELECT "posts".* FROM "posts"[0m
  ↳ app/controllers/posts_controller.rb:8:in `index'
Completed 200 OK in 1ms (Views: 1.2ms | ActiveRecord: 0.1ms | Allocations: 758)


Started GET "/posts" for ::1 at 2022-04-25 09:38:45 -0300
Processing by PostsController#index as HTML
  [1m[36mPost Load (0.1ms)[0m  [1m[34mSELECT "posts".* FROM "posts"[0m
  ↳ app/controllers/posts_controller.rb:8:in `index'
Completed 200 OK in 2ms (Views: 1.7ms | ActiveRecord: 0.1ms | Allocations: 758)


Started GET "/categories" for 127.0.0.1 at 2022-04-25 09:38:49 -0300
Processing by CategoriesController#index as HTML
  [1m[36mCategory Load (0.2ms)[0m  [1m[34mSELECT "categories".* FROM "categories"[0m
  ↳ app/controllers/categories_controller.rb:8:in `index'
Completed 200 OK in 2ms (Views: 1.4ms | ActiveRecord: 0.2ms | Allocations: 837)


Started GET "/posts" for 127.0.0.1 at 2022-04-25 09:38:49 -0300
Processing by PostsController#index as HTML
  [1m[36mPost Load (0.1ms)[0m  [1m[34mSELECT "posts".* FROM "posts"[0m
  ↳ app/controllers/posts_controller.rb:8:in `index'
Completed 200 OK in 1ms (Views: 0.9ms | ActiveRecord: 0.1ms | Allocations: 758)


Started GET "/posts" for 127.0.0.1 at 2022-04-25 09:39:08 -0300
Processing by PostsController#index as HTML
  [1m[36mPost Load (0.1ms)[0m  [1m[34mSELECT "posts".* FROM "posts"[0m
  ↳ app/controllers/posts_controller.rb:8:in `index'
Completed 200 OK in 1ms (Views: 0.9ms | ActiveRecord: 0.1ms | Allocations: 758)


Started GET "/posts" for 127.0.0.1 at 2022-04-25 09:39:15 -0300
Processing by PostsController#index as HTML
  [1m[36mPost Load (0.1ms)[0m  [1m[34mSELECT "posts".* FROM "posts"[0m
  ↳ app/controllers/posts_controller.rb:8:in `index'
Completed 200 OK in 1ms (Views: 0.9ms | ActiveRecord: 0.1ms | Allocations: 758)


Started GET "/categories" for 127.0.0.1 at 2022-04-25 09:39:33 -0300
Processing by CategoriesController#index as HTML
  [1m[36mCategory Load (0.1ms)[0m  [1m[34mSELECT "categories".* FROM "categories"[0m
  ↳ app/controllers/categories_controller.rb:8:in `index'
Completed 200 OK in 2ms (Views: 1.4ms | ActiveRecord: 0.1ms | Allocations: 837)


Started GET "/posts" for 127.0.0.1 at 2022-04-25 09:39:33 -0300
Processing by PostsController#index as HTML
  [1m[36mPost Load (0.1ms)[0m  [1m[34mSELECT "posts".* FROM "posts"[0m
  ↳ app/controllers/posts_controller.rb:8:in `index'
Completed 200 OK in 1ms (Views: 1.1ms | ActiveRecord: 0.1ms | Allocations: 758)


  [1m[36mPost Load (0.1ms)[0m  [1m[34mSELECT "posts".* FROM "posts"[0m
  [1m[36mTRANSACTION (0.0ms)[0m  [1m[36mbegin transaction[0m
  [1m[36mCategory Load (0.1ms)[0m  [1m[34mSELECT "categories".* FROM "categories" WHERE "categories"."id" = ? LIMIT ?[0m  [["id", 2], ["LIMIT", 1]]
  [1m[36mAuthor Load (0.0ms)[0m  [1m[34mSELECT "authors".* FROM "authors" WHERE "authors"."id" = ? LIMIT ?[0m  [["id", 2], ["LIMIT", 1]]
  [1m[36mTRANSACTION (0.0ms)[0m  [1m[36mcommit transaction[0m
  [1m[36mPost Load (0.2ms)[0m  [1m[34mSELECT "posts".* FROM "posts"[0m
  [1m[35m (0.4ms)[0m  [1m[34mSELECT sqlite_version(*)[0m
  [1m[36mActiveRecord::SchemaMigration Pluck (0.1ms)[0m  [1m[34mSELECT "schema_migrations"."version" FROM "schema_migrations" ORDER BY "schema_migrations"."version" ASC[0m
  [1m[36mActiveRecord::InternalMetadata Load (0.1ms)[0m  [1m[34mSELECT "ar_internal_metadata".* FROM "ar_internal_metadata" WHERE "ar_internal_metadata"."key" = ? LIMIT ?[0m  [["key", "environment"], ["LIMIT", 1]]
  [1m[35m (0.1ms)[0m  [1m[34mSELECT sqlite_version(*)[0m
  [1m[36mActiveRecord::SchemaMigration Pluck (0.1ms)[0m  [1m[34mSELECT "schema_migrations"."version" FROM "schema_migrations" ORDER BY "schema_migrations"."version" ASC[0m
  [1m[35m (0.4ms)[0m  [1m[34mSELECT sqlite_version(*)[0m
  [1m[36mActiveRecord::SchemaMigration Pluck (0.1ms)[0m  [1m[34mSELECT "schema_migrations"."version" FROM "schema_migrations" ORDER BY "schema_migrations"."version" ASC[0m
Migrating to AddImageToPosts (20220425124236)
  [1m[36mTRANSACTION (0.0ms)[0m  [1m[36mbegin transaction[0m
  [1m[35m (0.4ms)[0m  [1m[35mALTER TABLE "posts" ADD "image" varchar[0m
  [1m[36mActiveRecord::SchemaMigration Create (0.2ms)[0m  [1m[32mINSERT INTO "schema_migrations" ("version") VALUES (?)[0m  [["version", "20220425124236"]]
  [1m[36mTRANSACTION (229.6ms)[0m  [1m[36mcommit transaction[0m
  [1m[36mActiveRecord::InternalMetadata Load (0.4ms)[0m  [1m[34mSELECT "ar_internal_metadata".* FROM "ar_internal_metadata" WHERE "ar_internal_metadata"."key" = ? LIMIT ?[0m  [["key", "environment"], ["LIMIT", 1]]
  [1m[35m (0.2ms)[0m  [1m[34mSELECT sqlite_version(*)[0m
  [1m[36mActiveRecord::SchemaMigration Pluck (0.3ms)[0m  [1m[34mSELECT "schema_migrations"."version" FROM "schema_migrations" ORDER BY "schema_migrations"."version" ASC[0m
  [1m[35m (1.5ms)[0m  [1m[34mSELECT sqlite_version(*)[0m
  [1m[36mPost Load (0.4ms)[0m  [1m[34mSELECT "posts".* FROM "posts"[0m
  [1m[36mTRANSACTION (0.1ms)[0m  [1m[36mbegin transaction[0m
  [1m[36mCategory Load (0.2ms)[0m  [1m[34mSELECT "categories".* FROM "categories" WHERE "categories"."id" = ? LIMIT ?[0m  [["id", 2], ["LIMIT", 1]]
  [1m[36mAuthor Load (0.1ms)[0m  [1m[34mSELECT "authors".* FROM "authors" WHERE "authors"."id" = ? LIMIT ?[0m  [["id", 2], ["LIMIT", 1]]
  [1m[36mPost Update (0.2ms)[0m  [1m[33mUPDATE "posts" SET "updated_at" = ?, "image" = ? WHERE "posts"."id" = ?[0m  [["updated_at", "2022-04-25 12:42:51.212160"], ["image", "https://images.pexels.com/photos/3244513/pexels-photo-3244513.jpeg?auto=compress&cs=tinysrgb&w=1260&h=750&dpr=1"], ["id", 1]]
  [1m[36mTRANSACTION (270.2ms)[0m  [1m[36mcommit transaction[0m
Started GET "/categories" for 127.0.0.1 at 2022-04-25 09:42:54 -0300
  [1m[35m (0.1ms)[0m  [1m[34mSELECT sqlite_version(*)[0m
  [1m[36mActiveRecord::SchemaMigration Pluck (0.1ms)[0m  [1m[34mSELECT "schema_migrations"."version" FROM "schema_migrations" ORDER BY "schema_migrations"."version" ASC[0m
Started GET "/posts" for 127.0.0.1 at 2022-04-25 09:42:54 -0300
Processing by CategoriesController#index as HTML
  [1m[36mCategory Load (0.1ms)[0m  [1m[34mSELECT "categories".* FROM "categories"[0m
  ↳ app/controllers/categories_controller.rb:8:in `index'
Completed 200 OK in 5ms (Views: 2.7ms | ActiveRecord: 0.5ms | Allocations: 3625)


Processing by PostsController#index as HTML
  [1m[35m (0.0ms)[0m  [1m[34mSELECT sqlite_version(*)[0m
  ↳ app/controllers/posts_controller.rb:8:in `index'
  [1m[36mPost Load (0.1ms)[0m  [1m[34mSELECT "posts".* FROM "posts"[0m
  ↳ app/controllers/posts_controller.rb:8:in `index'
Completed 200 OK in 9ms (Views: 5.8ms | ActiveRecord: 0.7ms | Allocations: 7369)


Started GET "/categories" for 127.0.0.1 at 2022-04-25 09:43:00 -0300
Started GET "/posts" for 127.0.0.1 at 2022-04-25 09:43:00 -0300
Processing by CategoriesController#index as HTML
Processing by PostsController#index as HTML
  [1m[36mPost Load (0.1ms)[0m  [1m[34mSELECT "posts".* FROM "posts"[0m
  ↳ app/controllers/posts_controller.rb:8:in `index'
Completed 200 OK in 2ms (Views: 1.4ms | ActiveRecord: 0.1ms | Allocations: 834)


  [1m[36mCategory Load (0.2ms)[0m  [1m[34mSELECT "categories".* FROM "categories"[0m
  ↳ app/controllers/categories_controller.rb:8:in `index'
Completed 200 OK in 8ms (Views: 2.7ms | ActiveRecord: 0.5ms | Allocations: 4590)


Started GET "/categories" for 127.0.0.1 at 2022-04-25 09:43:03 -0300
Started GET "/posts" for 127.0.0.1 at 2022-04-25 09:43:03 -0300
Processing by CategoriesController#index as HTML
  [1m[36mCategory Load (0.1ms)[0m  [1m[34mSELECT "categories".* FROM "categories"[0m
  ↳ app/controllers/categories_controller.rb:8:in `index'
Completed 200 OK in 2ms (Views: 1.4ms | ActiveRecord: 0.1ms | Allocations: 866)


Processing by PostsController#index as HTML
  [1m[36mPost Load (0.1ms)[0m  [1m[34mSELECT "posts".* FROM "posts"[0m
  ↳ app/controllers/posts_controller.rb:8:in `index'
Completed 200 OK in 2ms (Views: 1.4ms | ActiveRecord: 0.1ms | Allocations: 779)


Started GET "/categories" for 127.0.0.1 at 2022-04-25 09:51:32 -0300
Processing by CategoriesController#index as HTML
  [1m[35m (0.0ms)[0m  [1m[34mSELECT sqlite_version(*)[0m
  ↳ app/controllers/categories_controller.rb:8:in `index'
  [1m[36mCategory Load (0.1ms)[0m  [1m[34mSELECT "categories".* FROM "categories"[0m
  ↳ app/controllers/categories_controller.rb:8:in `index'
Completed 200 OK in 2ms (Views: 2.1ms | ActiveRecord: 0.3ms | Allocations: 1455)


Started GET "/posts" for 127.0.0.1 at 2022-04-25 09:51:32 -0300
Processing by PostsController#index as HTML
  [1m[36mPost Load (0.1ms)[0m  [1m[34mSELECT "posts".* FROM "posts"[0m
  ↳ app/controllers/posts_controller.rb:8:in `index'
Completed 200 OK in 1ms (Views: 1.0ms | ActiveRecord: 0.1ms | Allocations: 802)


Started GET "/categories" for ::1 at 2022-04-25 09:51:33 -0300
Processing by CategoriesController#index as HTML
  [1m[36mCategory Load (0.1ms)[0m  [1m[34mSELECT "categories".* FROM "categories"[0m
  ↳ app/controllers/categories_controller.rb:8:in `index'
Completed 200 OK in 1ms (Views: 1.0ms | ActiveRecord: 0.1ms | Allocations: 827)


Started GET "/posts" for ::1 at 2022-04-25 09:51:33 -0300
Processing by PostsController#index as HTML
  [1m[36mPost Load (0.1ms)[0m  [1m[34mSELECT "posts".* FROM "posts"[0m
  ↳ app/controllers/posts_controller.rb:8:in `index'
Completed 200 OK in 2ms (Views: 1.6ms | ActiveRecord: 0.1ms | Allocations: 779)


Started GET "/posts" for 127.0.0.1 at 2022-04-25 09:51:45 -0300
Started GET "/categories" for 127.0.0.1 at 2022-04-25 09:51:45 -0300
Processing by CategoriesController#index as HTML
  [1m[36mCategory Load (0.1ms)[0m  [1m[34mSELECT "categories".* FROM "categories"[0m
  ↳ app/controllers/categories_controller.rb:8:in `index'
Completed 200 OK in 1ms (Views: 1.1ms | ActiveRecord: 0.1ms | Allocations: 854)


Processing by PostsController#index as HTML
  [1m[36mPost Load (0.1ms)[0m  [1m[34mSELECT "posts".* FROM "posts"[0m
  ↳ app/controllers/posts_controller.rb:8:in `index'
Completed 200 OK in 1ms (Views: 1.1ms | ActiveRecord: 0.1ms | Allocations: 779)


Started GET "/categories" for ::1 at 2022-04-25 09:54:28 -0300
Processing by CategoriesController#index as HTML
  [1m[36mCategory Load (0.1ms)[0m  [1m[34mSELECT "categories".* FROM "categories"[0m
  ↳ app/controllers/categories_controller.rb:8:in `index'
Completed 200 OK in 1ms (Views: 1.0ms | ActiveRecord: 0.1ms | Allocations: 827)


Started GET "/posts" for ::1 at 2022-04-25 09:54:28 -0300
Processing by PostsController#index as HTML
  [1m[35m (0.1ms)[0m  [1m[34mSELECT sqlite_version(*)[0m
  ↳ app/controllers/posts_controller.rb:8:in `index'
  [1m[36mPost Load (0.1ms)[0m  [1m[34mSELECT "posts".* FROM "posts"[0m
  ↳ app/controllers/posts_controller.rb:8:in `index'
Completed 200 OK in 3ms (Views: 2.1ms | ActiveRecord: 0.4ms | Allocations: 1396)


Started GET "/categories" for ::1 at 2022-04-25 09:54:30 -0300
Processing by CategoriesController#index as HTML
  [1m[36mCategory Load (0.1ms)[0m  [1m[34mSELECT "categories".* FROM "categories"[0m
  ↳ app/controllers/categories_controller.rb:8:in `index'
Completed 200 OK in 1ms (Views: 1.1ms | ActiveRecord: 0.1ms | Allocations: 827)


Started GET "/posts" for ::1 at 2022-04-25 09:54:30 -0300
Processing by PostsController#index as HTML
  [1m[36mPost Load (0.1ms)[0m  [1m[34mSELECT "posts".* FROM "posts"[0m
  ↳ app/controllers/posts_controller.rb:8:in `index'
Completed 200 OK in 1ms (Views: 1.1ms | ActiveRecord: 0.1ms | Allocations: 779)


Started GET "/categories" for ::1 at 2022-04-25 09:54:35 -0300
Processing by CategoriesController#index as HTML
  [1m[36mCategory Load (0.1ms)[0m  [1m[34mSELECT "categories".* FROM "categories"[0m
  ↳ app/controllers/categories_controller.rb:8:in `index'
Completed 200 OK in 1ms (Views: 1.0ms | ActiveRecord: 0.1ms | Allocations: 827)


Started GET "/posts" for ::1 at 2022-04-25 09:54:35 -0300
Processing by PostsController#index as HTML
  [1m[36mPost Load (0.1ms)[0m  [1m[34mSELECT "posts".* FROM "posts"[0m
  ↳ app/controllers/posts_controller.rb:8:in `index'
Completed 200 OK in 1ms (Views: 1.0ms | ActiveRecord: 0.1ms | Allocations: 779)


Started GET "/categories" for ::1 at 2022-04-25 09:58:53 -0300
Processing by CategoriesController#index as HTML
  [1m[36mCategory Load (0.1ms)[0m  [1m[34mSELECT "categories".* FROM "categories"[0m
  ↳ app/controllers/categories_controller.rb:8:in `index'
Completed 200 OK in 1ms (Views: 1.0ms | ActiveRecord: 0.1ms | Allocations: 827)


Started GET "/posts" for ::1 at 2022-04-25 09:58:53 -0300
Processing by PostsController#index as HTML
  [1m[36mPost Load (0.1ms)[0m  [1m[34mSELECT "posts".* FROM "posts"[0m
  ↳ app/controllers/posts_controller.rb:8:in `index'
Completed 200 OK in 1ms (Views: 1.0ms | ActiveRecord: 0.1ms | Allocations: 779)


Started GET "/categories" for ::1 at 2022-04-25 10:00:24 -0300
Processing by CategoriesController#index as HTML
  [1m[36mCategory Load (0.1ms)[0m  [1m[34mSELECT "categories".* FROM "categories"[0m
  ↳ app/controllers/categories_controller.rb:8:in `index'
Completed 200 OK in 1ms (Views: 1.1ms | ActiveRecord: 0.1ms | Allocations: 827)


Started GET "/posts" for ::1 at 2022-04-25 10:00:24 -0300
Processing by PostsController#index as HTML
  [1m[36mPost Load (0.1ms)[0m  [1m[34mSELECT "posts".* FROM "posts"[0m
  ↳ app/controllers/posts_controller.rb:8:in `index'
Completed 200 OK in 1ms (Views: 1.2ms | ActiveRecord: 0.1ms | Allocations: 779)


Started GET "/categories" for ::1 at 2022-04-25 10:10:02 -0300
Processing by CategoriesController#index as HTML
  [1m[35m (0.1ms)[0m  [1m[34mSELECT sqlite_version(*)[0m
  ↳ app/controllers/categories_controller.rb:8:in `index'
  [1m[36mCategory Load (0.1ms)[0m  [1m[34mSELECT "categories".* FROM "categories"[0m
  ↳ app/controllers/categories_controller.rb:8:in `index'
Started GET "/posts" for ::1 at 2022-04-25 10:10:02 -0300
Completed 200 OK in 4ms (Views: 4.0ms | ActiveRecord: 0.4ms | Allocations: 1927)


Processing by PostsController#index as HTML
  [1m[36mPost Load (0.1ms)[0m  [1m[34mSELECT "posts".* FROM "posts"[0m
  ↳ app/controllers/posts_controller.rb:8:in `index'
Completed 200 OK in 1ms (Views: 1.1ms | ActiveRecord: 0.1ms | Allocations: 802)


Started GET "/categories" for ::1 at 2022-04-25 10:10:31 -0300
Processing by CategoriesController#index as HTML
  [1m[36mCategory Load (0.1ms)[0m  [1m[34mSELECT "categories".* FROM "categories"[0m
  ↳ app/controllers/categories_controller.rb:8:in `index'
Completed 200 OK in 1ms (Views: 0.9ms | ActiveRecord: 0.1ms | Allocations: 827)


Started GET "/posts" for ::1 at 2022-04-25 10:10:31 -0300
Processing by PostsController#index as HTML
  [1m[36mPost Load (0.1ms)[0m  [1m[34mSELECT "posts".* FROM "posts"[0m
  ↳ app/controllers/posts_controller.rb:8:in `index'
Completed 200 OK in 2ms (Views: 1.2ms | ActiveRecord: 0.1ms | Allocations: 779)


Started GET "/categories" for ::1 at 2022-04-25 10:52:53 -0300
Started GET "/posts" for ::1 at 2022-04-25 10:52:53 -0300
  [1m[35m (0.5ms)[0m  [1m[34mSELECT sqlite_version(*)[0m
  [1m[36mActiveRecord::SchemaMigration Pluck (0.2ms)[0m  [1m[34mSELECT "schema_migrations"."version" FROM "schema_migrations" ORDER BY "schema_migrations"."version" ASC[0m
Processing by PostsController#index as HTML
Processing by CategoriesController#index as HTML
  [1m[36mCategory Load (0.1ms)[0m  [1m[34mSELECT "categories".* FROM "categories"[0m
  ↳ app/controllers/categories_controller.rb:8:in `index'
Completed 200 OK in 18ms (Views: 5.5ms | ActiveRecord: 0.6ms | Allocations: 21831)


  [1m[35m (0.1ms)[0m  [1m[34mSELECT sqlite_version(*)[0m
  ↳ app/controllers/posts_controller.rb:8:in `index'
  [1m[36mPost Load (0.1ms)[0m  [1m[34mSELECT "posts".* FROM "posts"[0m
  ↳ app/controllers/posts_controller.rb:8:in `index'
Completed 200 OK in 46ms (Views: 25.0ms | ActiveRecord: 0.9ms | Allocations: 29421)


Started GET "/categories" for 127.0.0.1 at 2022-04-25 11:01:08 -0300
Processing by CategoriesController#index as HTML
  [1m[35m (0.1ms)[0m  [1m[34mSELECT sqlite_version(*)[0m
  ↳ app/controllers/categories_controller.rb:8:in `index'
  [1m[36mCategory Load (0.1ms)[0m  [1m[34mSELECT "categories".* FROM "categories"[0m
  ↳ app/controllers/categories_controller.rb:8:in `index'
Completed 200 OK in 27ms (Views: 26.4ms | ActiveRecord: 0.5ms | Allocations: 1576)


Started GET "/posts" for 127.0.0.1 at 2022-04-25 11:01:08 -0300
Processing by PostsController#index as HTML
  [1m[36mPost Load (0.2ms)[0m  [1m[34mSELECT "posts".* FROM "posts"[0m
  ↳ app/controllers/posts_controller.rb:8:in `index'
Completed 200 OK in 5ms (Views: 4.4ms | ActiveRecord: 0.2ms | Allocations: 815)


Started GET "/posts" for 127.0.0.1 at 2022-04-25 11:21:00 -0300
Started GET "/categories" for 127.0.0.1 at 2022-04-25 11:21:00 -0300
Processing by CategoriesController#index as HTML
  [1m[35m (0.0ms)[0m  [1m[34mSELECT sqlite_version(*)[0m
  ↳ app/controllers/categories_controller.rb:8:in `index'
  [1m[36mCategory Load (0.1ms)[0m  [1m[34mSELECT "categories".* FROM "categories"[0m
  ↳ app/controllers/categories_controller.rb:8:in `index'
Completed 200 OK in 2ms (Views: 2.2ms | ActiveRecord: 0.3ms | Allocations: 1481)


Processing by PostsController#index as HTML
  [1m[36mPost Load (0.1ms)[0m  [1m[34mSELECT "posts".* FROM "posts"[0m
  ↳ app/controllers/posts_controller.rb:8:in `index'
Completed 200 OK in 1ms (Views: 1.1ms | ActiveRecord: 0.1ms | Allocations: 802)


Started GET "/categories" for 127.0.0.1 at 2022-04-25 11:21:04 -0300
Processing by CategoriesController#index as HTML
  [1m[36mCategory Load (0.1ms)[0m  [1m[34mSELECT "categories".* FROM "categories"[0m
  ↳ app/controllers/categories_controller.rb:8:in `index'
Started GET "/posts" for 127.0.0.1 at 2022-04-25 11:21:04 -0300
Processing by PostsController#index as HTML
Completed 200 OK in 2ms (Views: 2.2ms | ActiveRecord: 0.1ms | Allocations: 1136)


  [1m[35m (0.1ms)[0m  [1m[34mSELECT sqlite_version(*)[0m
  ↳ app/controllers/posts_controller.rb:8:in `index'
  [1m[36mPost Load (0.1ms)[0m  [1m[34mSELECT "posts".* FROM "posts"[0m
  ↳ app/controllers/posts_controller.rb:8:in `index'
Completed 200 OK in 3ms (Views: 2.4ms | ActiveRecord: 0.4ms | Allocations: 1663)


Started POST "/auth/login" for 127.0.0.1 at 2022-04-25 11:35:25 -0300
Processing by AuthenticationController#login as HTML
  Parameters: {"name"=>"teste", "password"=>"[FILTERED]", "authentication"=>{"name"=>"teste", "password"=>"[FILTERED]"}}
Completed 500 Internal Server Error in 1ms (Allocations: 1824)


  
NameError (uninitialized constant AuthenticationController::User):
  
app/controllers/authentication_controller.rb:6:in `login'
Started POST "/auth/login" for 127.0.0.1 at 2022-04-25 11:36:45 -0300
Processing by AuthenticationController#login as HTML
  Parameters: {"name"=>"teste", "password"=>"[FILTERED]", "authentication"=>{"name"=>"teste", "password"=>"[FILTERED]"}}
Completed 500 Internal Server Error in 7ms (Allocations: 3137)


  
LoadError (cannot load such file -- bcrypt):
  
app/models/author.rb:4:in `<class:Author>'
app/models/author.rb:1:in `<main>'
app/controllers/authentication_controller.rb:6:in `login'
Started GET "/categories" for ::1 at 2022-04-25 11:38:06 -0300
Started GET "/posts" for ::1 at 2022-04-25 11:38:06 -0300
  [1m[35m (0.5ms)[0m  [1m[34mSELECT sqlite_version(*)[0m
  [1m[36mActiveRecord::SchemaMigration Pluck (0.1ms)[0m  [1m[34mSELECT "schema_migrations"."version" FROM "schema_migrations" ORDER BY "schema_migrations"."version" ASC[0m
Processing by CategoriesController#index as HTML
Processing by PostsController#index as HTML
  [1m[36mCategory Load (0.1ms)[0m  [1m[34mSELECT "categories".* FROM "categories"[0m
  ↳ app/controllers/categories_controller.rb:8:in `index'
Completed 200 OK in 18ms (Views: 5.6ms | ActiveRecord: 0.5ms | Allocations: 21879)


  [1m[36mPost Load (0.2ms)[0m  [1m[34mSELECT "posts".* FROM "posts"[0m
  ↳ app/controllers/posts_controller.rb:8:in `index'
Completed 200 OK in 27ms (Views: 6.6ms | ActiveRecord: 0.7ms | Allocations: 28452)


Started POST "/auth/login" for 127.0.0.1 at 2022-04-25 11:38:11 -0300
Processing by AuthenticationController#login as HTML
  Parameters: {"name"=>"teste", "password"=>"[FILTERED]", "authentication"=>{"name"=>"teste", "password"=>"[FILTERED]"}}
  [1m[36mAuthor Load (0.1ms)[0m  [1m[34mSELECT "authors".* FROM "authors" WHERE "authors"."name" = ? LIMIT ?[0m  [["name", "teste"], ["LIMIT", 1]]
  ↳ app/controllers/authentication_controller.rb:6:in `login'
Completed 401 Unauthorized in 5ms (Views: 0.1ms | ActiveRecord: 0.4ms | Allocations: 3428)


Started GET "/categories" for 127.0.0.1 at 2022-04-25 11:38:16 -0300
Processing by CategoriesController#index as HTML
  [1m[36mCategory Load (0.1ms)[0m  [1m[34mSELECT "categories".* FROM "categories"[0m
  ↳ app/controllers/categories_controller.rb:8:in `index'
Completed 200 OK in 1ms (Views: 1.1ms | ActiveRecord: 0.1ms | Allocations: 841)


Started GET "/posts" for 127.0.0.1 at 2022-04-25 11:38:16 -0300
Processing by PostsController#index as HTML
  [1m[36mPost Load (0.1ms)[0m  [1m[34mSELECT "posts".* FROM "posts"[0m
  ↳ app/controllers/posts_controller.rb:8:in `index'
Completed 200 OK in 2ms (Views: 1.2ms | ActiveRecord: 0.1ms | Allocations: 781)


Started POST "/auth/login" for 127.0.0.1 at 2022-04-25 11:38:21 -0300
Processing by AuthenticationController#login as HTML
  Parameters: {"name"=>"Luis", "password"=>"[FILTERED]", "authentication"=>{"name"=>"Luis", "password"=>"[FILTERED]"}}
  [1m[36mAuthor Load (0.1ms)[0m  [1m[34mSELECT "authors".* FROM "authors" WHERE "authors"."name" = ? LIMIT ?[0m  [["name", "Luis"], ["LIMIT", 1]]
  ↳ app/controllers/authentication_controller.rb:6:in `login'
Completed 500 Internal Server Error in 16ms (ActiveRecord: 0.5ms | Allocations: 5447)


  
NoMethodError (undefined method `password_digest' for #<Author id: 2, name: "Luis", password: [FILTERED], created_at: "2022-04-25 12:33:30.598099000 +0000", updated_at: "2022-04-25 12:33:30.598099000 +0000">
Did you mean?  password):
  
app/controllers/authentication_controller.rb:7:in `login'
Started GET "/categories" for 127.0.0.1 at 2022-04-25 11:38:24 -0300
Processing by CategoriesController#index as HTML
  [1m[36mCategory Load (0.1ms)[0m  [1m[34mSELECT "categories".* FROM "categories"[0m
  ↳ app/controllers/categories_controller.rb:8:in `index'
Completed 200 OK in 1ms (Views: 1.1ms | ActiveRecord: 0.1ms | Allocations: 826)


Started GET "/posts" for 127.0.0.1 at 2022-04-25 11:38:24 -0300
Processing by PostsController#index as HTML
  [1m[36mPost Load (0.1ms)[0m  [1m[34mSELECT "posts".* FROM "posts"[0m
  ↳ app/controllers/posts_controller.rb:8:in `index'
Completed 200 OK in 1ms (Views: 1.1ms | ActiveRecord: 0.1ms | Allocations: 779)


Started POST "/auth/login" for 127.0.0.1 at 2022-04-25 11:38:26 -0300
Processing by AuthenticationController#login as HTML
  Parameters: {"name"=>"Luis", "password"=>"[FILTERED]", "authentication"=>{"name"=>"Luis", "password"=>"[FILTERED]"}}
  [1m[36mAuthor Load (0.1ms)[0m  [1m[34mSELECT "authors".* FROM "authors" WHERE "authors"."name" = ? LIMIT ?[0m  [["name", "Luis"], ["LIMIT", 1]]
  ↳ app/controllers/authentication_controller.rb:6:in `login'
Completed 500 Internal Server Error in 10ms (ActiveRecord: 0.1ms | Allocations: 2920)


  
NoMethodError (undefined method `password_digest' for #<Author id: 2, name: "Luis", password: [FILTERED], created_at: "2022-04-25 12:33:30.598099000 +0000", updated_at: "2022-04-25 12:33:30.598099000 +0000">
Did you mean?  password):
  
app/controllers/authentication_controller.rb:7:in `login'
  [1m[35m (0.4ms)[0m  [1m[34mSELECT sqlite_version(*)[0m
  [1m[36mActiveRecord::SchemaMigration Pluck (0.1ms)[0m  [1m[34mSELECT "schema_migrations"."version" FROM "schema_migrations" ORDER BY "schema_migrations"."version" ASC[0m
Migrating to AddPasswordDigestToAuthor (20220425144043)
  [1m[36mTRANSACTION (0.0ms)[0m  [1m[36mbegin transaction[0m
  [1m[35m (0.3ms)[0m  [1m[35mALTER TABLE "authors" ADD "password_digest" varchar[0m
  [1m[36mActiveRecord::SchemaMigration Create (0.1ms)[0m  [1m[32mINSERT INTO "schema_migrations" ("version") VALUES (?)[0m  [["version", "20220425144043"]]
  [1m[36mTRANSACTION (209.1ms)[0m  [1m[36mcommit transaction[0m
  [1m[36mActiveRecord::InternalMetadata Load (0.4ms)[0m  [1m[34mSELECT "ar_internal_metadata".* FROM "ar_internal_metadata" WHERE "ar_internal_metadata"."key" = ? LIMIT ?[0m  [["key", "environment"], ["LIMIT", 1]]
  [1m[35m (0.2ms)[0m  [1m[34mSELECT sqlite_version(*)[0m
  [1m[36mActiveRecord::SchemaMigration Pluck (0.3ms)[0m  [1m[34mSELECT "schema_migrations"."version" FROM "schema_migrations" ORDER BY "schema_migrations"."version" ASC[0m
Started POST "/auth/login" for 127.0.0.1 at 2022-04-25 11:41:36 -0300
  [1m[35m (0.1ms)[0m  [1m[34mSELECT sqlite_version(*)[0m
  [1m[36mActiveRecord::SchemaMigration Pluck (0.1ms)[0m  [1m[34mSELECT "schema_migrations"."version" FROM "schema_migrations" ORDER BY "schema_migrations"."version" ASC[0m
Processing by AuthenticationController#login as HTML
  Parameters: {"name"=>"Luis", "password"=>"[FILTERED]", "authentication"=>{"name"=>"Luis", "password"=>"[FILTERED]"}}
  [1m[36mAuthor Load (0.1ms)[0m  [1m[34mSELECT "authors".* FROM "authors" WHERE "authors"."name" = ? LIMIT ?[0m  [["name", "Luis"], ["LIMIT", 1]]
  ↳ app/controllers/authentication_controller.rb:6:in `login'
Completed 401 Unauthorized in 6ms (Views: 0.2ms | ActiveRecord: 0.5ms | Allocations: 5620)


  [1m[35m (1.9ms)[0m  [1m[34mSELECT sqlite_version(*)[0m
  [1m[36mAuthor Load (0.4ms)[0m  [1m[34mSELECT "authors".* FROM "authors"[0m
  [1m[36mAuthor Load (0.1ms)[0m  [1m[34mSELECT "authors".* FROM "authors"[0m
  [1m[36mAuthor Load (0.1ms)[0m  [1m[34mSELECT "authors".* FROM "authors"[0m
  [1m[36mAuthor Load (0.1ms)[0m  [1m[34mSELECT "authors".* FROM "authors"[0m
  [1m[36mAuthor Load (0.2ms)[0m  [1m[34mSELECT "authors".* FROM "authors"[0m
  [1m[36mAuthor Load (0.2ms)[0m  [1m[34mSELECT "authors".* FROM "authors"[0m
  [1m[36mAuthor Update All (221.7ms)[0m  [1m[33mUPDATE "authors" SET "password_digest" = ?[0m  [["password_digest", "[FILTERED]"]]
  [1m[36mAuthor Load (0.2ms)[0m  [1m[34mSELECT "authors".* FROM "authors"[0m
Started POST "/auth/login" for 127.0.0.1 at 2022-04-25 11:43:25 -0300
Processing by AuthenticationController#login as HTML
  Parameters: {"name"=>"Luis", "password"=>"[FILTERED]", "authentication"=>{"name"=>"Luis", "password"=>"[FILTERED]"}}
  [1m[36mAuthor Load (0.1ms)[0m  [1m[34mSELECT "authors".* FROM "authors" WHERE "authors"."name" = ? LIMIT ?[0m  [["name", "Luis"], ["LIMIT", 1]]
  ↳ app/controllers/authentication_controller.rb:6:in `login'
Completed 500 Internal Server Error in 1ms (ActiveRecord: 0.1ms | Allocations: 562)


  
BCrypt::Errors::InvalidHash (invalid hash):
  
app/controllers/authentication_controller.rb:7:in `login'
Started POST "/authors" for 127.0.0.1 at 2022-04-25 11:44:30 -0300
Processing by AuthorsController#create as HTML
  Parameters: {"author"=>{}}
Completed 400 Bad Request in 1ms (ActiveRecord: 0.0ms | Allocations: 217)


  
ActionController::ParameterMissing (param is missing or the value is empty: author):
  
app/controllers/authors_controller.rb:49:in `author_params'
app/controllers/authors_controller.rb:18:in `create'
Started POST "/authors" for 127.0.0.1 at 2022-04-25 11:45:04 -0300
Error occurred while parsing request parameters.
Contents:

{authors:{name: 'Luis Felipe', password: 123}}
Processing by AuthorsController#create as HTML
Completed 400 Bad Request in 1ms (ActiveRecord: 0.0ms | Allocations: 116)


  
ActionDispatch::Http::Parameters::ParseError (Error occurred while parsing request parameters):
  
app/controllers/authors_controller.rb:49:in `author_params'
app/controllers/authors_controller.rb:18:in `create'
Started POST "/authors" for 127.0.0.1 at 2022-04-25 11:45:43 -0300
Processing by AuthorsController#create as HTML
  Parameters: {"authors"=>{"name"=>"Luis", "password"=>"[FILTERED]"}, "author"=>{}}
Completed 400 Bad Request in 1ms (ActiveRecord: 0.0ms | Allocations: 152)


  
ActionController::ParameterMissing (param is missing or the value is empty: author
Did you mean?  authors):
  
app/controllers/authors_controller.rb:49:in `author_params'
app/controllers/authors_controller.rb:18:in `create'
Started POST "/authors" for 127.0.0.1 at 2022-04-25 11:45:54 -0300
Processing by AuthorsController#create as HTML
  Parameters: {"author"=>{"name"=>"Luis", "password"=>"[FILTERED]"}}
  [1m[36mTRANSACTION (0.1ms)[0m  [1m[36mbegin transaction[0m
  ↳ app/controllers/authors_controller.rb:20:in `create'
  [1m[36mAuthor Create (0.2ms)[0m  [1m[32mINSERT INTO "authors" ("name", "password", "created_at", "updated_at", "password_digest") VALUES (?, ?, ?, ?, ?)[0m  [["name", "Luis"], ["password", "[FILTERED]"], ["created_at", "2022-04-25 14:45:55.194799"], ["updated_at", "2022-04-25 14:45:55.194799"], ["password_digest", "[FILTERED]"]]
  ↳ app/controllers/authors_controller.rb:20:in `create'
  [1m[36mTRANSACTION (205.9ms)[0m  [1m[36mcommit transaction[0m
  ↳ app/controllers/authors_controller.rb:20:in `create'
Completed 201 Created in 462ms (Views: 2.2ms | ActiveRecord: 206.2ms | Allocations: 2746)


  [1m[36mAuthor Load (0.3ms)[0m  [1m[34mSELECT "authors".* FROM "authors"[0m
  [1m[36mAuthor Delete All (0.1ms)[0m  [1m[31mDELETE FROM "authors" WHERE "authors"."id" = ?[0m  [["id", nil]]
  [1m[36mAuthor Load (0.2ms)[0m  [1m[34mSELECT "authors".* FROM "authors"[0m
  [1m[36mAuthor Delete All (1.2ms)[0m  [1m[31mDELETE FROM "authors" WHERE "authors"."id" = ?[0m  [["id", 2]]
  [1m[36mAuthor Delete All (1.1ms)[0m  [1m[31mDELETE FROM "authors" WHERE "authors"."id" = ?[0m  [["id", 2]]
  [1m[36mAuthor Load (0.2ms)[0m  [1m[34mSELECT "authors".* FROM "authors"[0m
  [1m[36mAuthor Delete All (0.3ms)[0m  [1m[31mDELETE FROM "authors" WHERE "authors"."id" = ?[0m  [["id", nil]]
  [1m[36mAuthor Delete All (1.1ms)[0m  [1m[31mDELETE FROM "authors" WHERE "authors"."id" = ?[0m  [["id", 2]]
  [1m[36mAuthor Load (0.2ms)[0m  [1m[34mSELECT "authors".* FROM "authors"[0m
  [1m[36mAuthor Load (0.1ms)[0m  [1m[34mSELECT "authors".* FROM "authors" WHERE "authors"."id" = ?[0m  [["id", 2]]
  [1m[36mTRANSACTION (0.0ms)[0m  [1m[36mbegin transaction[0m
  [1m[36mAuthor Destroy (0.3ms)[0m  [1m[31mDELETE FROM "authors" WHERE "authors"."id" = ?[0m  [["id", 2]]
  [1m[36mTRANSACTION (0.1ms)[0m  [1m[31mrollback transaction[0m
  [1m[35m (0.2ms)[0m  [1m[34mSELECT sqlite_version(*)[0m
  [1m[36mAuthor Load (0.3ms)[0m  [1m[34mSELECT "authors".* FROM "authors" WHERE "authors"."id" = ?[0m  [["id", 2]]
  [1m[36mTRANSACTION (0.1ms)[0m  [1m[36mbegin transaction[0m
  [1m[36mAuthor Destroy (1.0ms)[0m  [1m[31mDELETE FROM "authors" WHERE "authors"."id" = ?[0m  [["id", 2]]
  [1m[36mTRANSACTION (0.3ms)[0m  [1m[31mrollback transaction[0m
  [1m[36mAuthor Load (0.4ms)[0m  [1m[34mSELECT "authors".* FROM "authors"[0m
  [1m[35m (1.5ms)[0m  [1m[34mSELECT sqlite_version(*)[0m
  [1m[36mAuthor Load (0.8ms)[0m  [1m[34mSELECT "authors".* FROM "authors" WHERE "authors"."id" = ?[0m  [["id", 2]]
  [1m[36mTRANSACTION (0.2ms)[0m  [1m[36mbegin transaction[0m
  [1m[36mAuthor Destroy (1.0ms)[0m  [1m[31mDELETE FROM "authors" WHERE "authors"."id" = ?[0m  [["id", 2]]
  [1m[36mTRANSACTION (0.3ms)[0m  [1m[31mrollback transaction[0m
Started POST "/authors" for 127.0.0.1 at 2022-04-25 11:52:34 -0300
  [1m[35m (0.4ms)[0m  [1m[34mSELECT sqlite_version(*)[0m
  [1m[36mActiveRecord::SchemaMigration Pluck (0.1ms)[0m  [1m[34mSELECT "schema_migrations"."version" FROM "schema_migrations" ORDER BY "schema_migrations"."version" ASC[0m
Processing by AuthorsController#create as HTML
  Parameters: {"author"=>{"name"=>"Luis Felipe", "password"=>"[FILTERED]"}}
  [1m[36mTRANSACTION (0.1ms)[0m  [1m[36mbegin transaction[0m
  ↳ app/controllers/authors_controller.rb:20:in `create'
  [1m[36mAuthor Create (0.2ms)[0m  [1m[32mINSERT INTO "authors" ("name", "password", "created_at", "updated_at", "password_digest") VALUES (?, ?, ?, ?, ?)[0m  [["name", "Luis Felipe"], ["password", "[FILTERED]"], ["created_at", "2022-04-25 14:52:34.763638"], ["updated_at", "2022-04-25 14:52:34.763638"], ["password_digest", "[FILTERED]"]]
  ↳ app/controllers/authors_controller.rb:20:in `create'
  [1m[36mTRANSACTION (220.9ms)[0m  [1m[36mcommit transaction[0m
  ↳ app/controllers/authors_controller.rb:20:in `create'
Completed 201 Created in 466ms (Views: 1.6ms | ActiveRecord: 221.6ms | Allocations: 22491)


Started POST "/auth/login" for 127.0.0.1 at 2022-04-25 11:52:39 -0300
Processing by AuthenticationController#login as HTML
  Parameters: {"name"=>"Luis Felipe", "password"=>"[FILTERED]", "authentication"=>{"name"=>"Luis Felipe", "password"=>"[FILTERED]"}}
  [1m[36mAuthor Load (0.2ms)[0m  [1m[34mSELECT "authors".* FROM "authors" WHERE "authors"."name" = ? LIMIT ?[0m  [["name", "Luis Felipe"], ["LIMIT", 1]]
  ↳ app/controllers/authentication_controller.rb:6:in `login'
Completed 200 OK in 234ms (Views: 0.1ms | ActiveRecord: 0.2ms | Allocations: 2062)


Started POST "/auth/login" for 127.0.0.1 at 2022-04-25 11:53:22 -0300
Processing by AuthenticationController#login as HTML
  Parameters: {"name"=>"Luis Felipe", "password"=>"[FILTERED]", "authentication"=>{"name"=>"Luis Felipe", "password"=>"[FILTERED]"}}
  [1m[36mAuthor Load (0.2ms)[0m  [1m[34mSELECT "authors".* FROM "authors" WHERE "authors"."name" = ? LIMIT ?[0m  [["name", "Luis Felipe"], ["LIMIT", 1]]
  ↳ app/controllers/authentication_controller.rb:6:in `login'
Completed 200 OK in 233ms (Views: 0.1ms | ActiveRecord: 0.2ms | Allocations: 673)


Started POST "/auth/login" for 127.0.0.1 at 2022-04-25 11:53:44 -0300
Processing by AuthenticationController#login as HTML
  Parameters: {"name"=>"Luis Felipe", "password"=>"[FILTERED]", "authentication"=>{"name"=>"Luis Felipe", "password"=>"[FILTERED]"}}
  [1m[36mAuthor Load (0.1ms)[0m  [1m[34mSELECT "authors".* FROM "authors" WHERE "authors"."name" = ? LIMIT ?[0m  [["name", "Luis Felipe"], ["LIMIT", 1]]
  ↳ app/controllers/authentication_controller.rb:6:in `login'
Completed 200 OK in 229ms (Views: 0.1ms | ActiveRecord: 0.1ms | Allocations: 672)


Started POST "/auth/login" for 127.0.0.1 at 2022-04-25 11:54:33 -0300
Processing by AuthenticationController#login as HTML
  Parameters: {"name"=>"teste", "password"=>"[FILTERED]", "authentication"=>{"name"=>"teste", "password"=>"[FILTERED]"}}
  [1m[36mAuthor Load (0.1ms)[0m  [1m[34mSELECT "authors".* FROM "authors" WHERE "authors"."name" = ? LIMIT ?[0m  [["name", "teste"], ["LIMIT", 1]]
  ↳ app/controllers/authentication_controller.rb:6:in `login'
Completed 401 Unauthorized in 1ms (Views: 0.1ms | ActiveRecord: 0.1ms | Allocations: 522)


Started GET "/categories" for 127.0.0.1 at 2022-04-25 11:54:43 -0300
Processing by CategoriesController#index as HTML
Started GET "/posts" for 127.0.0.1 at 2022-04-25 11:54:43 -0300
  [1m[36mCategory Load (0.1ms)[0m  [1m[34mSELECT "categories".* FROM "categories"[0m
  ↳ app/controllers/categories_controller.rb:8:in `index'
Completed 200 OK in 8ms (Views: 4.5ms | ActiveRecord: 0.5ms | Allocations: 4240)


Processing by PostsController#index as HTML
  [1m[36mPost Load (0.1ms)[0m  [1m[34mSELECT "posts".* FROM "posts"[0m
  ↳ app/controllers/posts_controller.rb:8:in `index'
Completed 200 OK in 12ms (Views: 7.6ms | ActiveRecord: 0.5ms | Allocations: 8296)


Started POST "/auth/login" for 127.0.0.1 at 2022-04-25 11:54:45 -0300
Processing by AuthenticationController#login as HTML
  Parameters: {"name"=>"Luis Felipe", "password"=>"[FILTERED]", "authentication"=>{"name"=>"Luis Felipe", "password"=>"[FILTERED]"}}
  [1m[36mAuthor Load (0.1ms)[0m  [1m[34mSELECT "authors".* FROM "authors" WHERE "authors"."name" = ? LIMIT ?[0m  [["name", "Luis Felipe"], ["LIMIT", 1]]
  ↳ app/controllers/authentication_controller.rb:6:in `login'
Completed 200 OK in 235ms (Views: 0.1ms | ActiveRecord: 0.1ms | Allocations: 659)


Started POST "/auth/login" for 127.0.0.1 at 2022-04-25 11:55:33 -0300
Processing by AuthenticationController#login as HTML
  Parameters: {"name"=>"teste", "password"=>"[FILTERED]", "authentication"=>{"name"=>"teste", "password"=>"[FILTERED]"}}
  [1m[36mAuthor Load (0.2ms)[0m  [1m[34mSELECT "authors".* FROM "authors" WHERE "authors"."name" = ? LIMIT ?[0m  [["name", "teste"], ["LIMIT", 1]]
  ↳ app/controllers/authentication_controller.rb:6:in `login'
Completed 401 Unauthorized in 2ms (Views: 0.2ms | ActiveRecord: 0.2ms | Allocations: 536)


Started POST "/auth/login" for 127.0.0.1 at 2022-04-25 11:55:37 -0300
Processing by AuthenticationController#login as HTML
  Parameters: {"name"=>"Luis Felipe", "password"=>"[FILTERED]", "authentication"=>{"name"=>"Luis Felipe", "password"=>"[FILTERED]"}}
  [1m[36mAuthor Load (0.2ms)[0m  [1m[34mSELECT "authors".* FROM "authors" WHERE "authors"."name" = ? LIMIT ?[0m  [["name", "Luis Felipe"], ["LIMIT", 1]]
  ↳ app/controllers/authentication_controller.rb:6:in `login'
Completed 200 OK in 249ms (Views: 0.1ms | ActiveRecord: 0.2ms | Allocations: 657)


Started POST "/auth/login" for 127.0.0.1 at 2022-04-25 11:59:38 -0300
Processing by AuthenticationController#login as HTML
  Parameters: {"name"=>"Luis", "password"=>"[FILTERED]", "authentication"=>{"name"=>"Luis", "password"=>"[FILTERED]"}}
  [1m[36mAuthor Load (0.3ms)[0m  [1m[34mSELECT "authors".* FROM "authors" WHERE "authors"."name" = ? LIMIT ?[0m  [["name", "Luis"], ["LIMIT", 1]]
  ↳ app/controllers/authentication_controller.rb:6:in `login'
Completed 500 Internal Server Error in 3ms (ActiveRecord: 0.3ms | Allocations: 563)


  
BCrypt::Errors::InvalidHash (invalid hash):
  
app/controllers/authentication_controller.rb:7:in `login'
Started POST "/auth/login" for 127.0.0.1 at 2022-04-25 11:59:45 -0300
Processing by AuthenticationController#login as HTML
  Parameters: {"name"=>"Luis Felipe", "password"=>"[FILTERED]", "authentication"=>{"name"=>"Luis Felipe", "password"=>"[FILTERED]"}}
  [1m[36mAuthor Load (0.3ms)[0m  [1m[34mSELECT "authors".* FROM "authors" WHERE "authors"."name" = ? LIMIT ?[0m  [["name", "Luis Felipe"], ["LIMIT", 1]]
  ↳ app/controllers/authentication_controller.rb:6:in `login'
Completed 200 OK in 239ms (Views: 0.1ms | ActiveRecord: 0.3ms | Allocations: 659)


Started POST "/auth/login" for 127.0.0.1 at 2022-04-25 11:59:50 -0300
Processing by AuthenticationController#login as HTML
  Parameters: {"name"=>"Luis Felipe", "password"=>"[FILTERED]", "authentication"=>{"name"=>"Luis Felipe", "password"=>"[FILTERED]"}}
  [1m[36mAuthor Load (0.8ms)[0m  [1m[34mSELECT "authors".* FROM "authors" WHERE "authors"."name" = ? LIMIT ?[0m  [["name", "Luis Felipe"], ["LIMIT", 1]]
  ↳ app/controllers/authentication_controller.rb:6:in `login'
Completed 200 OK in 249ms (Views: 0.1ms | ActiveRecord: 0.8ms | Allocations: 657)


Started POST "/auth/login" for 127.0.0.1 at 2022-04-25 12:00:53 -0300
Processing by AuthenticationController#login as HTML
  Parameters: {"name"=>"Luis Felipe", "password"=>"[FILTERED]", "authentication"=>{"name"=>"Luis Felipe", "password"=>"[FILTERED]"}}
  [1m[36mAuthor Load (0.3ms)[0m  [1m[34mSELECT "authors".* FROM "authors" WHERE "authors"."name" = ? LIMIT ?[0m  [["name", "Luis Felipe"], ["LIMIT", 1]]
  ↳ app/controllers/authentication_controller.rb:6:in `login'
Completed 200 OK in 242ms (Views: 0.1ms | ActiveRecord: 0.3ms | Allocations: 657)


